
==========================================================================
resizer check_setup
--------------------------------------------------------------------------
1

==========================================================================
resizer report_tns
--------------------------------------------------------------------------
tns -3322.15

==========================================================================
resizer report_wns
--------------------------------------------------------------------------
wns -271.66

==========================================================================
resizer report_worst_slack
--------------------------------------------------------------------------
worst slack -271.66

==========================================================================
resizer report_checks -path_delay min
--------------------------------------------------------------------------
Startpoint: rst (input port clocked by clk)
Endpoint: _1494_ (rising edge-triggered flip-flop clocked by clk)
Path Group: clk
Path Type: min

Fanout     Cap    Slew   Delay    Time   Description
-----------------------------------------------------------------------------
                  0.00    0.00    0.00   clock clk (rise edge)
                          0.00    0.00   clock network delay (ideal)
                         80.00   80.00 ^ input external delay
     1    1.63    0.00    0.00   80.00 ^ rst (in)
                                         rst (net)
                  0.18    0.06   80.06 ^ input1/A (BUFx6f_ASAP7_75t_R)
     7   11.44   15.52   13.82   93.88 ^ input1/Y (BUFx6f_ASAP7_75t_R)
                                         net1 (net)
                 15.64    0.77   94.65 ^ _1407_/A (NOR2x1_ASAP7_75t_R)
     1    0.66   10.18   10.63  105.28 v _1407_/Y (NOR2x1_ASAP7_75t_R)
                                         _0098_ (net)
                 10.18    0.00  105.29 v _1494_/D (DFFHQNx3_ASAP7_75t_R)
                                105.29   data arrival time

                  0.00    0.00    0.00   clock clk (rise edge)
                          0.00    0.00   clock network delay (ideal)
                          0.00    0.00   clock reconvergence pessimism
                                  0.00 ^ _1494_/CLK (DFFHQNx3_ASAP7_75t_R)
                          8.21    8.21   library hold time
                                  8.21   data required time
-----------------------------------------------------------------------------
                                  8.21   data required time
                               -105.29   data arrival time
-----------------------------------------------------------------------------
                                 97.08   slack (MET)



==========================================================================
resizer report_checks -path_delay max
--------------------------------------------------------------------------
Startpoint: x[13] (input port clocked by clk)
Endpoint: _1510_ (rising edge-triggered flip-flop clocked by clk)
Path Group: clk
Path Type: max

Fanout     Cap    Slew   Delay    Time   Description
-----------------------------------------------------------------------------
                  0.00    0.00    0.00   clock clk (rise edge)
                          0.00    0.00   clock network delay (ideal)
                         80.00   80.00 v input external delay
     1    2.88    0.00    0.00   80.00 v x[13] (in)
                                         x[13] (net)
                  0.32    0.10   80.10 v input6/A (BUFx16f_ASAP7_75t_R)
    39   41.02   24.16   18.00   98.10 v input6/Y (BUFx16f_ASAP7_75t_R)
                                         net6 (net)
                 27.35    4.60  102.70 v _0769_/B (AND2x2_ASAP7_75t_R)
     3    1.75    9.29   23.83  126.54 v _0769_/Y (AND2x2_ASAP7_75t_R)
                                         _0132_ (net)
                  9.29    0.00  126.54 v _0770_/B2 (AO32x2_ASAP7_75t_R)
    13   11.44   35.86   42.04  168.57 v _0770_/Y (AO32x2_ASAP7_75t_R)
                                         _0133_ (net)
                 35.89    0.60  169.18 v _0804_/A (AND2x2_ASAP7_75t_R)
     1    0.97    7.59   26.43  195.60 v _0804_/Y (AND2x2_ASAP7_75t_R)
                                         _0166_ (net)
                  7.59    0.01  195.61 v _0808_/B2 (AOI221x1_ASAP7_75t_R)
     4    3.97   42.47   22.87  218.48 ^ _0808_/Y (AOI221x1_ASAP7_75t_R)
                                         _0170_ (net)
                 42.47    0.01  218.48 ^ _0809_/D (AND4x2_ASAP7_75t_R)
     4    4.35   25.05   42.45  260.94 ^ _0809_/Y (AND4x2_ASAP7_75t_R)
                                         _0171_ (net)
                 25.05    0.06  260.99 ^ _0823_/C (AND4x2_ASAP7_75t_R)
     6    3.56   22.08   39.00  300.00 ^ _0823_/Y (AND4x2_ASAP7_75t_R)
                                         _0184_ (net)
                 22.08    0.10  300.09 ^ _0831_/A2 (AO221x1_ASAP7_75t_R)
     1    1.00   11.23   23.96  324.06 ^ _0831_/Y (AO221x1_ASAP7_75t_R)
                                         _0192_ (net)
                 11.23    0.00  324.06 ^ _0854_/A2 (AOI211x1_ASAP7_75t_R)
     1    1.16   20.16   15.19  339.25 v _0854_/Y (AOI211x1_ASAP7_75t_R)
                                         _0721_ (net)
                 20.16    0.02  339.28 v _1461_/A (HAxp5_ASAP7_75t_R)
     1    0.73   20.26   16.43  355.71 ^ _1461_/CON (HAxp5_ASAP7_75t_R)
                                         _0727_ (net)
                 20.26    0.01  355.72 ^ _1450_/A (INVx1_ASAP7_75t_R)
     1    2.06   15.13   12.00  367.71 v _1450_/Y (INVx1_ASAP7_75t_R)
                                         _0697_ (net)
                 15.13    0.02  367.74 v _1453_/A (FAx1_ASAP7_75t_R)
     2    2.75   53.83   31.86  399.59 ^ _1453_/CON (FAx1_ASAP7_75t_R)
                                         _0700_ (net)
                 53.83    0.01  399.61 ^ _0981_/A (INVx1_ASAP7_75t_R)
     1    0.70   13.17    9.99  409.60 v _0981_/Y (INVx1_ASAP7_75t_R)
                                         _0337_ (net)
                 13.17    0.01  409.60 v _0982_/A2 (OA21x2_ASAP7_75t_R)
     1    1.14    7.28   18.73  428.34 v _0982_/Y (OA21x2_ASAP7_75t_R)
                                         _0338_ (net)
                  7.28    0.02  428.36 v _0983_/C (MAJx2_ASAP7_75t_R)
     2    2.36   12.75   25.36  453.71 v _0983_/Y (MAJx2_ASAP7_75t_R)
                                         _0693_ (net)
                 12.75    0.01  453.72 v _1451_/CI (FAx1_ASAP7_75t_R)
    12   10.55  169.25  174.42  628.15 v _1451_/SN (FAx1_ASAP7_75t_R)
                                         _0073_ (net)
                169.27    0.85  628.99 v _0998_/A (INVx2_ASAP7_75t_R)
     6    4.73   46.38   35.30  664.30 ^ _0998_/Y (INVx2_ASAP7_75t_R)
                                         _0352_ (net)
                 46.38    0.02  664.32 ^ _1057_/B (AND2x2_ASAP7_75t_R)
     2    3.33   17.03   30.15  694.47 ^ _1057_/Y (AND2x2_ASAP7_75t_R)
                                         _0407_ (net)
                 17.03    0.08  694.55 ^ _1058_/C (NAND3x2_ASAP7_75t_R)
     2    2.67   21.12   11.59  706.14 v _1058_/Y (NAND3x2_ASAP7_75t_R)
                                         _0408_ (net)
                 21.12    0.02  706.17 v _1061_/A (NAND2x2_ASAP7_75t_R)
    10    8.00   34.91   24.64  730.81 ^ _1061_/Y (NAND2x2_ASAP7_75t_R)
                                         _0411_ (net)
                 34.91    0.15  730.96 ^ _1107_/A1 (AOI221x1_ASAP7_75t_R)
     1    0.68   25.53   20.35  751.31 v _1107_/Y (AOI221x1_ASAP7_75t_R)
                                         _0447_ (net)
                 25.53    0.01  751.32 v _1108_/B (AO21x1_ASAP7_75t_R)
     1    1.42   10.84   21.20  772.52 v _1108_/Y (AO21x1_ASAP7_75t_R)
                                         _0744_ (net)
                 10.84    0.08  772.60 v _1474_/A (HAxp5_ASAP7_75t_R)
     4    3.49   71.30   58.61  831.22 v _1474_/SN (HAxp5_ASAP7_75t_R)
                                         _0083_ (net)
                 71.30    0.02  831.23 v _1111_/E (OR5x1_ASAP7_75t_R)
     1    0.49   12.18   45.68  876.91 v _1111_/Y (OR5x1_ASAP7_75t_R)
                                         _0450_ (net)
                 12.18    0.01  876.91 v _1112_/B (OA211x2_ASAP7_75t_R)
     2    2.48   13.86   29.88  906.79 v _1112_/Y (OA211x2_ASAP7_75t_R)
                                         _0451_ (net)
                 13.86    0.08  906.88 v _1116_/A1 (OA21x2_ASAP7_75t_R)
     4    3.84   14.38   22.70  929.58 v _1116_/Y (OA21x2_ASAP7_75t_R)
                                         _0454_ (net)
                 14.38    0.13  929.71 v _1122_/A1 (OA21x2_ASAP7_75t_R)
     3    3.02   12.12   21.67  951.38 v _1122_/Y (OA21x2_ASAP7_75t_R)
                                         _0459_ (net)
                 12.12    0.05  951.43 v _1123_/C (OR3x1_ASAP7_75t_R)
     2    1.83   17.15   28.88  980.31 v _1123_/Y (OR3x1_ASAP7_75t_R)
                                         _0460_ (net)
                 17.15    0.04  980.35 v _1441_/A2 (AO21x1_ASAP7_75t_R)
     1    0.69    7.40   16.67  997.02 v _1441_/Y (AO21x1_ASAP7_75t_R)
                                         _0685_ (net)
                  7.40    0.01  997.03 v _1442_/A2 (AO21x1_ASAP7_75t_R)
     1    0.63    7.48   13.90 1010.93 v _1442_/Y (AO21x1_ASAP7_75t_R)
                                         _0686_ (net)
                  7.48    0.01 1010.93 v _1443_/B (AND2x2_ASAP7_75t_R)
     2    2.29   10.54   18.18 1029.11 v _1443_/Y (AND2x2_ASAP7_75t_R)
                                         _0687_ (net)
                 10.54    0.02 1029.12 v _1444_/B (XNOR2x1_ASAP7_75t_R)
     1    0.64    9.59   16.35 1045.47 v _1444_/Y (XNOR2x1_ASAP7_75t_R)
                                         _0688_ (net)
                  9.59    0.01 1045.48 v _1445_/B (AND2x2_ASAP7_75t_R)
     1    0.66    6.06   16.11 1061.59 v _1445_/Y (AND2x2_ASAP7_75t_R)
                                         _0114_ (net)
                  6.06    0.00 1061.59 v _1510_/D (DFFHQNx3_ASAP7_75t_R)
                               1061.59   data arrival time

                  0.00  800.00  800.00   clock clk (rise edge)
                          0.00  800.00   clock network delay (ideal)
                          0.00  800.00   clock reconvergence pessimism
                                800.00 ^ _1510_/CLK (DFFHQNx3_ASAP7_75t_R)
                        -10.07  789.93   library setup time
                                789.93   data required time
-----------------------------------------------------------------------------
                                789.93   data required time
                               -1061.59   data arrival time
-----------------------------------------------------------------------------
                               -271.66   slack (VIOLATED)



==========================================================================
resizer report_checks -unconstrained
--------------------------------------------------------------------------
Startpoint: x[13] (input port clocked by clk)
Endpoint: _1510_ (rising edge-triggered flip-flop clocked by clk)
Path Group: clk
Path Type: max

Fanout     Cap    Slew   Delay    Time   Description
-----------------------------------------------------------------------------
                  0.00    0.00    0.00   clock clk (rise edge)
                          0.00    0.00   clock network delay (ideal)
                         80.00   80.00 v input external delay
     1    2.88    0.00    0.00   80.00 v x[13] (in)
                                         x[13] (net)
                  0.32    0.10   80.10 v input6/A (BUFx16f_ASAP7_75t_R)
    39   41.02   24.16   18.00   98.10 v input6/Y (BUFx16f_ASAP7_75t_R)
                                         net6 (net)
                 27.35    4.60  102.70 v _0769_/B (AND2x2_ASAP7_75t_R)
     3    1.75    9.29   23.83  126.54 v _0769_/Y (AND2x2_ASAP7_75t_R)
                                         _0132_ (net)
                  9.29    0.00  126.54 v _0770_/B2 (AO32x2_ASAP7_75t_R)
    13   11.44   35.86   42.04  168.57 v _0770_/Y (AO32x2_ASAP7_75t_R)
                                         _0133_ (net)
                 35.89    0.60  169.18 v _0804_/A (AND2x2_ASAP7_75t_R)
     1    0.97    7.59   26.43  195.60 v _0804_/Y (AND2x2_ASAP7_75t_R)
                                         _0166_ (net)
                  7.59    0.01  195.61 v _0808_/B2 (AOI221x1_ASAP7_75t_R)
     4    3.97   42.47   22.87  218.48 ^ _0808_/Y (AOI221x1_ASAP7_75t_R)
                                         _0170_ (net)
                 42.47    0.01  218.48 ^ _0809_/D (AND4x2_ASAP7_75t_R)
     4    4.35   25.05   42.45  260.94 ^ _0809_/Y (AND4x2_ASAP7_75t_R)
                                         _0171_ (net)
                 25.05    0.06  260.99 ^ _0823_/C (AND4x2_ASAP7_75t_R)
     6    3.56   22.08   39.00  300.00 ^ _0823_/Y (AND4x2_ASAP7_75t_R)
                                         _0184_ (net)
                 22.08    0.10  300.09 ^ _0831_/A2 (AO221x1_ASAP7_75t_R)
     1    1.00   11.23   23.96  324.06 ^ _0831_/Y (AO221x1_ASAP7_75t_R)
                                         _0192_ (net)
                 11.23    0.00  324.06 ^ _0854_/A2 (AOI211x1_ASAP7_75t_R)
     1    1.16   20.16   15.19  339.25 v _0854_/Y (AOI211x1_ASAP7_75t_R)
                                         _0721_ (net)
                 20.16    0.02  339.28 v _1461_/A (HAxp5_ASAP7_75t_R)
     1    0.73   20.26   16.43  355.71 ^ _1461_/CON (HAxp5_ASAP7_75t_R)
                                         _0727_ (net)
                 20.26    0.01  355.72 ^ _1450_/A (INVx1_ASAP7_75t_R)
     1    2.06   15.13   12.00  367.71 v _1450_/Y (INVx1_ASAP7_75t_R)
                                         _0697_ (net)
                 15.13    0.02  367.74 v _1453_/A (FAx1_ASAP7_75t_R)
     2    2.75   53.83   31.86  399.59 ^ _1453_/CON (FAx1_ASAP7_75t_R)
                                         _0700_ (net)
                 53.83    0.01  399.61 ^ _0981_/A (INVx1_ASAP7_75t_R)
     1    0.70   13.17    9.99  409.60 v _0981_/Y (INVx1_ASAP7_75t_R)
                                         _0337_ (net)
                 13.17    0.01  409.60 v _0982_/A2 (OA21x2_ASAP7_75t_R)
     1    1.14    7.28   18.73  428.34 v _0982_/Y (OA21x2_ASAP7_75t_R)
                                         _0338_ (net)
                  7.28    0.02  428.36 v _0983_/C (MAJx2_ASAP7_75t_R)
     2    2.36   12.75   25.36  453.71 v _0983_/Y (MAJx2_ASAP7_75t_R)
                                         _0693_ (net)
                 12.75    0.01  453.72 v _1451_/CI (FAx1_ASAP7_75t_R)
    12   10.55  169.25  174.42  628.15 v _1451_/SN (FAx1_ASAP7_75t_R)
                                         _0073_ (net)
                169.27    0.85  628.99 v _0998_/A (INVx2_ASAP7_75t_R)
     6    4.73   46.38   35.30  664.30 ^ _0998_/Y (INVx2_ASAP7_75t_R)
                                         _0352_ (net)
                 46.38    0.02  664.32 ^ _1057_/B (AND2x2_ASAP7_75t_R)
     2    3.33   17.03   30.15  694.47 ^ _1057_/Y (AND2x2_ASAP7_75t_R)
                                         _0407_ (net)
                 17.03    0.08  694.55 ^ _1058_/C (NAND3x2_ASAP7_75t_R)
     2    2.67   21.12   11.59  706.14 v _1058_/Y (NAND3x2_ASAP7_75t_R)
                                         _0408_ (net)
                 21.12    0.02  706.17 v _1061_/A (NAND2x2_ASAP7_75t_R)
    10    8.00   34.91   24.64  730.81 ^ _1061_/Y (NAND2x2_ASAP7_75t_R)
                                         _0411_ (net)
                 34.91    0.15  730.96 ^ _1107_/A1 (AOI221x1_ASAP7_75t_R)
     1    0.68   25.53   20.35  751.31 v _1107_/Y (AOI221x1_ASAP7_75t_R)
                                         _0447_ (net)
                 25.53    0.01  751.32 v _1108_/B (AO21x1_ASAP7_75t_R)
     1    1.42   10.84   21.20  772.52 v _1108_/Y (AO21x1_ASAP7_75t_R)
                                         _0744_ (net)
                 10.84    0.08  772.60 v _1474_/A (HAxp5_ASAP7_75t_R)
     4    3.49   71.30   58.61  831.22 v _1474_/SN (HAxp5_ASAP7_75t_R)
                                         _0083_ (net)
                 71.30    0.02  831.23 v _1111_/E (OR5x1_ASAP7_75t_R)
     1    0.49   12.18   45.68  876.91 v _1111_/Y (OR5x1_ASAP7_75t_R)
                                         _0450_ (net)
                 12.18    0.01  876.91 v _1112_/B (OA211x2_ASAP7_75t_R)
     2    2.48   13.86   29.88  906.79 v _1112_/Y (OA211x2_ASAP7_75t_R)
                                         _0451_ (net)
                 13.86    0.08  906.88 v _1116_/A1 (OA21x2_ASAP7_75t_R)
     4    3.84   14.38   22.70  929.58 v _1116_/Y (OA21x2_ASAP7_75t_R)
                                         _0454_ (net)
                 14.38    0.13  929.71 v _1122_/A1 (OA21x2_ASAP7_75t_R)
     3    3.02   12.12   21.67  951.38 v _1122_/Y (OA21x2_ASAP7_75t_R)
                                         _0459_ (net)
                 12.12    0.05  951.43 v _1123_/C (OR3x1_ASAP7_75t_R)
     2    1.83   17.15   28.88  980.31 v _1123_/Y (OR3x1_ASAP7_75t_R)
                                         _0460_ (net)
                 17.15    0.04  980.35 v _1441_/A2 (AO21x1_ASAP7_75t_R)
     1    0.69    7.40   16.67  997.02 v _1441_/Y (AO21x1_ASAP7_75t_R)
                                         _0685_ (net)
                  7.40    0.01  997.03 v _1442_/A2 (AO21x1_ASAP7_75t_R)
     1    0.63    7.48   13.90 1010.93 v _1442_/Y (AO21x1_ASAP7_75t_R)
                                         _0686_ (net)
                  7.48    0.01 1010.93 v _1443_/B (AND2x2_ASAP7_75t_R)
     2    2.29   10.54   18.18 1029.11 v _1443_/Y (AND2x2_ASAP7_75t_R)
                                         _0687_ (net)
                 10.54    0.02 1029.12 v _1444_/B (XNOR2x1_ASAP7_75t_R)
     1    0.64    9.59   16.35 1045.47 v _1444_/Y (XNOR2x1_ASAP7_75t_R)
                                         _0688_ (net)
                  9.59    0.01 1045.48 v _1445_/B (AND2x2_ASAP7_75t_R)
     1    0.66    6.06   16.11 1061.59 v _1445_/Y (AND2x2_ASAP7_75t_R)
                                         _0114_ (net)
                  6.06    0.00 1061.59 v _1510_/D (DFFHQNx3_ASAP7_75t_R)
                               1061.59   data arrival time

                  0.00  800.00  800.00   clock clk (rise edge)
                          0.00  800.00   clock network delay (ideal)
                          0.00  800.00   clock reconvergence pessimism
                                800.00 ^ _1510_/CLK (DFFHQNx3_ASAP7_75t_R)
                        -10.07  789.93   library setup time
                                789.93   data required time
-----------------------------------------------------------------------------
                                789.93   data required time
                               -1061.59   data arrival time
-----------------------------------------------------------------------------
                               -271.66   slack (VIOLATED)



==========================================================================
resizer report_check_types -max_slew -max_cap -max_fanout -violators
--------------------------------------------------------------------------

==========================================================================
resizer max_slew_check_slack
--------------------------------------------------------------------------
69.20106506347656

==========================================================================
resizer max_slew_check_limit
--------------------------------------------------------------------------
320.0

==========================================================================
resizer max_slew_check_slack_limit
--------------------------------------------------------------------------
0.2163

==========================================================================
resizer max_fanout_check_slack
--------------------------------------------------------------------------
1.0000000150474662e+30

==========================================================================
resizer max_fanout_check_limit
--------------------------------------------------------------------------
1.0000000150474662e+30

==========================================================================
resizer max_capacitance_check_slack
--------------------------------------------------------------------------
16.635805130004883

==========================================================================
resizer max_capacitance_check_limit
--------------------------------------------------------------------------
23.040000915527344

==========================================================================
resizer max_capacitance_check_slack_limit
--------------------------------------------------------------------------
0.7220

==========================================================================
resizer max_slew_violation_count
--------------------------------------------------------------------------
max slew violation count 0

==========================================================================
resizer max_fanout_violation_count
--------------------------------------------------------------------------
max fanout violation count 0

==========================================================================
resizer max_cap_violation_count
--------------------------------------------------------------------------
max cap violation count 0

==========================================================================
resizer setup_violation_count
--------------------------------------------------------------------------
setup violation count 23

==========================================================================
resizer hold_violation_count
--------------------------------------------------------------------------
hold violation count 0

==========================================================================
resizer critical path delay
--------------------------------------------------------------------------
1061.5948

==========================================================================
resizer critical path slack
--------------------------------------------------------------------------
-271.6624

==========================================================================
resizer slack div critical path delay
--------------------------------------------------------------------------
-25.590027

==========================================================================
resizer report_power
--------------------------------------------------------------------------
Group                  Internal  Switching    Leakage      Total
                          Power      Power      Power      Power (Watts)
----------------------------------------------------------------
Sequential             9.80e-05   3.55e-06   7.43e-09   1.02e-04  34.1%
Combinational          9.22e-05   1.04e-04   6.79e-08   1.96e-04  65.9%
Clock                  0.00e+00   0.00e+00   0.00e+00   0.00e+00   0.0%
Macro                  0.00e+00   0.00e+00   0.00e+00   0.00e+00   0.0%
Pad                    0.00e+00   0.00e+00   0.00e+00   0.00e+00   0.0%
----------------------------------------------------------------
Total                  1.90e-04   1.08e-04   7.53e-08   2.98e-04 100.0%
                          63.8%      36.2%       0.0%
