
==========================================================================
cts post-repair check_setup
--------------------------------------------------------------------------
1

==========================================================================
cts post-repair report_tns
--------------------------------------------------------------------------
tns -2629.55

==========================================================================
cts post-repair report_wns
--------------------------------------------------------------------------
wns -233.18

==========================================================================
cts post-repair report_worst_slack
--------------------------------------------------------------------------
worst slack -233.18

==========================================================================
cts post-repair report_clock_skew
--------------------------------------------------------------------------
Clock clk
No launch/capture paths found.


==========================================================================
cts post-repair report_checks -path_delay min
--------------------------------------------------------------------------
Startpoint: rst (input port clocked by clk)
Endpoint: _1494_ (rising edge-triggered flip-flop clocked by clk)
Path Group: clk
Path Type: min

Fanout     Cap    Slew   Delay    Time   Description
-----------------------------------------------------------------------------
                          0.00    0.00   clock clk (rise edge)
                          0.00    0.00   clock network delay (propagated)
                         80.00   80.00 ^ input external delay
     1    1.67    0.00    0.00   80.00 ^ rst (in)
                                         rst (net)
                  0.21    0.06   80.06 ^ input1/A (BUFx6f_ASAP7_75t_R)
     7   11.48   15.39   13.92   93.99 ^ input1/Y (BUFx6f_ASAP7_75t_R)
                                         net1 (net)
                 15.48    0.68   94.66 ^ _1407_/A (NOR2x1_ASAP7_75t_R)
     1    0.68   10.25   10.67  105.33 v _1407_/Y (NOR2x1_ASAP7_75t_R)
                                         _0098_ (net)
                 10.25    0.01  105.34 v _1494_/D (DFFHQNx3_ASAP7_75t_R)
                                105.34   data arrival time

                          0.00    0.00   clock clk (rise edge)
                          0.00    0.00   clock source latency
     1    1.84    0.00    0.00    0.00 ^ clk (in)
                                         clk (net)
                  0.63    0.20    0.20 ^ clkbuf_0_clk/A (BUFx4_ASAP7_75t_R)
     4    3.50   10.63   17.12   17.31 ^ clkbuf_0_clk/Y (BUFx4_ASAP7_75t_R)
                                         clknet_0_clk (net)
                 10.64    0.12   17.43 ^ clkbuf_2_1__f_clk/A (BUFx4_ASAP7_75t_R)
     9    5.37   13.52   22.01   39.44 ^ clkbuf_2_1__f_clk/Y (BUFx4_ASAP7_75t_R)
                                         clknet_2_1__leaf_clk (net)
                 13.52    0.09   39.54 ^ _1494_/CLK (DFFHQNx3_ASAP7_75t_R)
                          0.00   39.54   clock reconvergence pessimism
                         12.13   51.67   library hold time
                                 51.67   data required time
-----------------------------------------------------------------------------
                                 51.67   data required time
                               -105.34   data arrival time
-----------------------------------------------------------------------------
                                 53.67   slack (MET)



==========================================================================
cts post-repair report_checks -path_delay max
--------------------------------------------------------------------------
Startpoint: x[13] (input port clocked by clk)
Endpoint: _1510_ (rising edge-triggered flip-flop clocked by clk)
Path Group: clk
Path Type: max

Fanout     Cap    Slew   Delay    Time   Description
-----------------------------------------------------------------------------
                          0.00    0.00   clock clk (rise edge)
                          0.00    0.00   clock network delay (propagated)
                         80.00   80.00 v input external delay
     1    2.91    0.00    0.00   80.00 v x[13] (in)
                                         x[13] (net)
                  0.35    0.11   80.11 v input6/A (BUFx16f_ASAP7_75t_R)
    39   41.48   24.23   18.30   98.41 v input6/Y (BUFx16f_ASAP7_75t_R)
                                         net6 (net)
                 26.46    3.89  102.31 v _0769_/B (AND2x2_ASAP7_75t_R)
     3    1.88    9.67   23.81  126.11 v _0769_/Y (AND2x2_ASAP7_75t_R)
                                         _0132_ (net)
                  9.67    0.03  126.14 v _0770_/B2 (AO32x2_ASAP7_75t_R)
    13   11.42   36.06   42.06  168.20 v _0770_/Y (AO32x2_ASAP7_75t_R)
                                         _0133_ (net)
                 36.09    0.67  168.88 v _0804_/A (AND2x2_ASAP7_75t_R)
     1    1.03    7.74   26.59  195.46 v _0804_/Y (AND2x2_ASAP7_75t_R)
                                         _0166_ (net)
                  7.74    0.02  195.48 v _0808_/B2 (AOI221x1_ASAP7_75t_R)
     4    4.06   43.29   23.26  218.74 ^ _0808_/Y (AOI221x1_ASAP7_75t_R)
                                         _0170_ (net)
                 43.29    0.01  218.74 ^ _0809_/D (AND4x2_ASAP7_75t_R)
     4    4.36   25.10   42.56  261.31 ^ _0809_/Y (AND4x2_ASAP7_75t_R)
                                         _0171_ (net)
                 25.10    0.06  261.37 ^ _0823_/C (AND4x2_ASAP7_75t_R)
     6    3.69   22.59   39.29  300.66 ^ _0823_/Y (AND4x2_ASAP7_75t_R)
                                         _0184_ (net)
                 22.59    0.13  300.78 ^ _0831_/A2 (AO221x1_ASAP7_75t_R)
     1    1.03   11.41   24.15  324.93 ^ _0831_/Y (AO221x1_ASAP7_75t_R)
                                         _0192_ (net)
                 11.41    0.01  324.94 ^ _0854_/A2 (AOI211x1_ASAP7_75t_R)
     1    1.15   20.10   15.20  340.14 v _0854_/Y (AOI211x1_ASAP7_75t_R)
                                         _0721_ (net)
                 20.10    0.02  340.16 v _1461_/A (HAxp5_ASAP7_75t_R)
     1    0.80   20.84   16.77  356.93 ^ _1461_/CON (HAxp5_ASAP7_75t_R)
                                         _0727_ (net)
                 20.84    0.02  356.95 ^ _1450_/A (INVx1_ASAP7_75t_R)
     1    2.09   15.39   12.17  369.12 v _1450_/Y (INVx1_ASAP7_75t_R)
                                         _0697_ (net)
                 15.39    0.03  369.15 v _1453_/A (FAx1_ASAP7_75t_R)
     2    2.79   53.66   32.19  401.34 ^ _1453_/CON (FAx1_ASAP7_75t_R)
                                         _0700_ (net)
                 53.66    0.01  401.35 ^ _0981_/A (INVx1_ASAP7_75t_R)
     1    0.74   13.45   10.23  411.58 v _0981_/Y (INVx1_ASAP7_75t_R)
                                         _0337_ (net)
                 13.45    0.01  411.59 v _0982_/A2 (OA21x2_ASAP7_75t_R)
     1    1.12    7.26   18.78  430.37 v _0982_/Y (OA21x2_ASAP7_75t_R)
                                         _0338_ (net)
                  7.26    0.01  430.39 v _0983_/C (MAJx2_ASAP7_75t_R)
     2    2.34   12.69   25.30  455.69 v _0983_/Y (MAJx2_ASAP7_75t_R)
                                         _0693_ (net)
                 12.69    0.01  455.70 v _1451_/CI (FAx1_ASAP7_75t_R)
    12   10.88  174.14  179.43  635.13 v _1451_/SN (FAx1_ASAP7_75t_R)
                                         _0073_ (net)
                174.15    0.66  635.79 v _0998_/A (INVx2_ASAP7_75t_R)
     6    4.86   47.48   36.23  672.02 ^ _0998_/Y (INVx2_ASAP7_75t_R)
                                         _0352_ (net)
                 47.48    0.07  672.09 ^ _1057_/B (AND2x2_ASAP7_75t_R)
     2    3.35   17.13   30.34  702.43 ^ _1057_/Y (AND2x2_ASAP7_75t_R)
                                         _0407_ (net)
                 17.14    0.10  702.53 ^ _1058_/C (NAND3x2_ASAP7_75t_R)
     2    2.74   21.42   11.69  714.22 v _1058_/Y (NAND3x2_ASAP7_75t_R)
                                         _0408_ (net)
                 21.42    0.04  714.26 v _1061_/A (NAND2x2_ASAP7_75t_R)
    10    8.28   35.94   25.17  739.42 ^ _1061_/Y (NAND2x2_ASAP7_75t_R)
                                         _0411_ (net)
                 35.95    0.16  739.58 ^ _1107_/A1 (AOI221x1_ASAP7_75t_R)
     1    0.69   25.79   20.66  760.24 v _1107_/Y (AOI221x1_ASAP7_75t_R)
                                         _0447_ (net)
                 25.79    0.01  760.25 v _1108_/B (AO21x1_ASAP7_75t_R)
     1    1.38   10.64   21.12  781.37 v _1108_/Y (AO21x1_ASAP7_75t_R)
                                         _0744_ (net)
                 10.64    0.07  781.44 v _1474_/A (HAxp5_ASAP7_75t_R)
     4    3.59   73.20   59.66  841.10 v _1474_/SN (HAxp5_ASAP7_75t_R)
                                         _0083_ (net)
                 73.20    0.03  841.13 v _1111_/E (OR5x1_ASAP7_75t_R)
     1    0.53   12.83   46.09  887.22 v _1111_/Y (OR5x1_ASAP7_75t_R)
                                         _0450_ (net)
                 12.83    0.01  887.23 v _1112_/B (OA211x2_ASAP7_75t_R)
     2    2.49   13.88   30.10  917.33 v _1112_/Y (OA211x2_ASAP7_75t_R)
                                         _0451_ (net)
                 13.89    0.09  917.42 v _1116_/A1 (OA21x2_ASAP7_75t_R)
     4    3.75   14.05   22.61  940.03 v _1116_/Y (OA21x2_ASAP7_75t_R)
                                         _0454_ (net)
                 14.05    0.04  940.07 v _1122_/A1 (OA21x2_ASAP7_75t_R)
     3    3.06   12.25   21.65  961.72 v _1122_/Y (OA21x2_ASAP7_75t_R)
                                         _0459_ (net)
                 12.25    0.08  961.80 v _1123_/C (OR3x1_ASAP7_75t_R)
     2    1.79   16.88   28.77  990.57 v _1123_/Y (OR3x1_ASAP7_75t_R)
                                         _0460_ (net)
                 16.88    0.02  990.59 v _1441_/A2 (AO21x1_ASAP7_75t_R)
     1    0.82    8.00   16.97 1007.55 v _1441_/Y (AO21x1_ASAP7_75t_R)
                                         _0685_ (net)
                  8.00    0.02 1007.58 v _1442_/A2 (AO21x1_ASAP7_75t_R)
     1    0.65    7.61   14.14 1021.72 v _1442_/Y (AO21x1_ASAP7_75t_R)
                                         _0686_ (net)
                  7.61    0.01 1021.73 v _1443_/B (AND2x2_ASAP7_75t_R)
     2    2.45   10.99   18.50 1040.23 v _1443_/Y (AND2x2_ASAP7_75t_R)
                                         _0687_ (net)
                 10.99    0.03 1040.26 v _1444_/B (XNOR2x1_ASAP7_75t_R)
     1    0.74   13.81   10.28 1050.54 ^ _1444_/Y (XNOR2x1_ASAP7_75t_R)
                                         _0688_ (net)
                 13.81    0.02 1050.56 ^ _1445_/B (AND2x2_ASAP7_75t_R)
     1    0.66    7.10   17.69 1068.25 ^ _1445_/Y (AND2x2_ASAP7_75t_R)
                                         _0114_ (net)
                  7.10    0.01 1068.25 ^ _1510_/D (DFFHQNx3_ASAP7_75t_R)
                               1068.25   data arrival time

                        800.00  800.00   clock clk (rise edge)
                          0.00  800.00   clock source latency
     1    1.84    0.00    0.00  800.00 ^ clk (in)
                                         clk (net)
                  0.63    0.20  800.20 ^ clkbuf_0_clk/A (BUFx4_ASAP7_75t_R)
     4    3.50   10.63   17.12  817.31 ^ clkbuf_0_clk/Y (BUFx4_ASAP7_75t_R)
                                         clknet_0_clk (net)
                 10.64    0.10  817.42 ^ clkbuf_2_2__f_clk/A (BUFx4_ASAP7_75t_R)
    10    6.01   14.46   22.53  839.94 ^ clkbuf_2_2__f_clk/Y (BUFx4_ASAP7_75t_R)
                                         clknet_2_2__leaf_clk (net)
                 14.49    0.35  840.30 ^ _1510_/CLK (DFFHQNx3_ASAP7_75t_R)
                          0.00  840.30   clock reconvergence pessimism
                         -5.23  835.07   library setup time
                                835.07   data required time
-----------------------------------------------------------------------------
                                835.07   data required time
                               -1068.25   data arrival time
-----------------------------------------------------------------------------
                               -233.18   slack (VIOLATED)



==========================================================================
cts post-repair report_checks -unconstrained
--------------------------------------------------------------------------
Startpoint: x[13] (input port clocked by clk)
Endpoint: _1510_ (rising edge-triggered flip-flop clocked by clk)
Path Group: clk
Path Type: max

Fanout     Cap    Slew   Delay    Time   Description
-----------------------------------------------------------------------------
                          0.00    0.00   clock clk (rise edge)
                          0.00    0.00   clock network delay (propagated)
                         80.00   80.00 v input external delay
     1    2.91    0.00    0.00   80.00 v x[13] (in)
                                         x[13] (net)
                  0.35    0.11   80.11 v input6/A (BUFx16f_ASAP7_75t_R)
    39   41.48   24.23   18.30   98.41 v input6/Y (BUFx16f_ASAP7_75t_R)
                                         net6 (net)
                 26.46    3.89  102.31 v _0769_/B (AND2x2_ASAP7_75t_R)
     3    1.88    9.67   23.81  126.11 v _0769_/Y (AND2x2_ASAP7_75t_R)
                                         _0132_ (net)
                  9.67    0.03  126.14 v _0770_/B2 (AO32x2_ASAP7_75t_R)
    13   11.42   36.06   42.06  168.20 v _0770_/Y (AO32x2_ASAP7_75t_R)
                                         _0133_ (net)
                 36.09    0.67  168.88 v _0804_/A (AND2x2_ASAP7_75t_R)
     1    1.03    7.74   26.59  195.46 v _0804_/Y (AND2x2_ASAP7_75t_R)
                                         _0166_ (net)
                  7.74    0.02  195.48 v _0808_/B2 (AOI221x1_ASAP7_75t_R)
     4    4.06   43.29   23.26  218.74 ^ _0808_/Y (AOI221x1_ASAP7_75t_R)
                                         _0170_ (net)
                 43.29    0.01  218.74 ^ _0809_/D (AND4x2_ASAP7_75t_R)
     4    4.36   25.10   42.56  261.31 ^ _0809_/Y (AND4x2_ASAP7_75t_R)
                                         _0171_ (net)
                 25.10    0.06  261.37 ^ _0823_/C (AND4x2_ASAP7_75t_R)
     6    3.69   22.59   39.29  300.66 ^ _0823_/Y (AND4x2_ASAP7_75t_R)
                                         _0184_ (net)
                 22.59    0.13  300.78 ^ _0831_/A2 (AO221x1_ASAP7_75t_R)
     1    1.03   11.41   24.15  324.93 ^ _0831_/Y (AO221x1_ASAP7_75t_R)
                                         _0192_ (net)
                 11.41    0.01  324.94 ^ _0854_/A2 (AOI211x1_ASAP7_75t_R)
     1    1.15   20.10   15.20  340.14 v _0854_/Y (AOI211x1_ASAP7_75t_R)
                                         _0721_ (net)
                 20.10    0.02  340.16 v _1461_/A (HAxp5_ASAP7_75t_R)
     1    0.80   20.84   16.77  356.93 ^ _1461_/CON (HAxp5_ASAP7_75t_R)
                                         _0727_ (net)
                 20.84    0.02  356.95 ^ _1450_/A (INVx1_ASAP7_75t_R)
     1    2.09   15.39   12.17  369.12 v _1450_/Y (INVx1_ASAP7_75t_R)
                                         _0697_ (net)
                 15.39    0.03  369.15 v _1453_/A (FAx1_ASAP7_75t_R)
     2    2.79   53.66   32.19  401.34 ^ _1453_/CON (FAx1_ASAP7_75t_R)
                                         _0700_ (net)
                 53.66    0.01  401.35 ^ _0981_/A (INVx1_ASAP7_75t_R)
     1    0.74   13.45   10.23  411.58 v _0981_/Y (INVx1_ASAP7_75t_R)
                                         _0337_ (net)
                 13.45    0.01  411.59 v _0982_/A2 (OA21x2_ASAP7_75t_R)
     1    1.12    7.26   18.78  430.37 v _0982_/Y (OA21x2_ASAP7_75t_R)
                                         _0338_ (net)
                  7.26    0.01  430.39 v _0983_/C (MAJx2_ASAP7_75t_R)
     2    2.34   12.69   25.30  455.69 v _0983_/Y (MAJx2_ASAP7_75t_R)
                                         _0693_ (net)
                 12.69    0.01  455.70 v _1451_/CI (FAx1_ASAP7_75t_R)
    12   10.88  174.14  179.43  635.13 v _1451_/SN (FAx1_ASAP7_75t_R)
                                         _0073_ (net)
                174.15    0.66  635.79 v _0998_/A (INVx2_ASAP7_75t_R)
     6    4.86   47.48   36.23  672.02 ^ _0998_/Y (INVx2_ASAP7_75t_R)
                                         _0352_ (net)
                 47.48    0.07  672.09 ^ _1057_/B (AND2x2_ASAP7_75t_R)
     2    3.35   17.13   30.34  702.43 ^ _1057_/Y (AND2x2_ASAP7_75t_R)
                                         _0407_ (net)
                 17.14    0.10  702.53 ^ _1058_/C (NAND3x2_ASAP7_75t_R)
     2    2.74   21.42   11.69  714.22 v _1058_/Y (NAND3x2_ASAP7_75t_R)
                                         _0408_ (net)
                 21.42    0.04  714.26 v _1061_/A (NAND2x2_ASAP7_75t_R)
    10    8.28   35.94   25.17  739.42 ^ _1061_/Y (NAND2x2_ASAP7_75t_R)
                                         _0411_ (net)
                 35.95    0.16  739.58 ^ _1107_/A1 (AOI221x1_ASAP7_75t_R)
     1    0.69   25.79   20.66  760.24 v _1107_/Y (AOI221x1_ASAP7_75t_R)
                                         _0447_ (net)
                 25.79    0.01  760.25 v _1108_/B (AO21x1_ASAP7_75t_R)
     1    1.38   10.64   21.12  781.37 v _1108_/Y (AO21x1_ASAP7_75t_R)
                                         _0744_ (net)
                 10.64    0.07  781.44 v _1474_/A (HAxp5_ASAP7_75t_R)
     4    3.59   73.20   59.66  841.10 v _1474_/SN (HAxp5_ASAP7_75t_R)
                                         _0083_ (net)
                 73.20    0.03  841.13 v _1111_/E (OR5x1_ASAP7_75t_R)
     1    0.53   12.83   46.09  887.22 v _1111_/Y (OR5x1_ASAP7_75t_R)
                                         _0450_ (net)
                 12.83    0.01  887.23 v _1112_/B (OA211x2_ASAP7_75t_R)
     2    2.49   13.88   30.10  917.33 v _1112_/Y (OA211x2_ASAP7_75t_R)
                                         _0451_ (net)
                 13.89    0.09  917.42 v _1116_/A1 (OA21x2_ASAP7_75t_R)
     4    3.75   14.05   22.61  940.03 v _1116_/Y (OA21x2_ASAP7_75t_R)
                                         _0454_ (net)
                 14.05    0.04  940.07 v _1122_/A1 (OA21x2_ASAP7_75t_R)
     3    3.06   12.25   21.65  961.72 v _1122_/Y (OA21x2_ASAP7_75t_R)
                                         _0459_ (net)
                 12.25    0.08  961.80 v _1123_/C (OR3x1_ASAP7_75t_R)
     2    1.79   16.88   28.77  990.57 v _1123_/Y (OR3x1_ASAP7_75t_R)
                                         _0460_ (net)
                 16.88    0.02  990.59 v _1441_/A2 (AO21x1_ASAP7_75t_R)
     1    0.82    8.00   16.97 1007.55 v _1441_/Y (AO21x1_ASAP7_75t_R)
                                         _0685_ (net)
                  8.00    0.02 1007.58 v _1442_/A2 (AO21x1_ASAP7_75t_R)
     1    0.65    7.61   14.14 1021.72 v _1442_/Y (AO21x1_ASAP7_75t_R)
                                         _0686_ (net)
                  7.61    0.01 1021.73 v _1443_/B (AND2x2_ASAP7_75t_R)
     2    2.45   10.99   18.50 1040.23 v _1443_/Y (AND2x2_ASAP7_75t_R)
                                         _0687_ (net)
                 10.99    0.03 1040.26 v _1444_/B (XNOR2x1_ASAP7_75t_R)
     1    0.74   13.81   10.28 1050.54 ^ _1444_/Y (XNOR2x1_ASAP7_75t_R)
                                         _0688_ (net)
                 13.81    0.02 1050.56 ^ _1445_/B (AND2x2_ASAP7_75t_R)
     1    0.66    7.10   17.69 1068.25 ^ _1445_/Y (AND2x2_ASAP7_75t_R)
                                         _0114_ (net)
                  7.10    0.01 1068.25 ^ _1510_/D (DFFHQNx3_ASAP7_75t_R)
                               1068.25   data arrival time

                        800.00  800.00   clock clk (rise edge)
                          0.00  800.00   clock source latency
     1    1.84    0.00    0.00  800.00 ^ clk (in)
                                         clk (net)
                  0.63    0.20  800.20 ^ clkbuf_0_clk/A (BUFx4_ASAP7_75t_R)
     4    3.50   10.63   17.12  817.31 ^ clkbuf_0_clk/Y (BUFx4_ASAP7_75t_R)
                                         clknet_0_clk (net)
                 10.64    0.10  817.42 ^ clkbuf_2_2__f_clk/A (BUFx4_ASAP7_75t_R)
    10    6.01   14.46   22.53  839.94 ^ clkbuf_2_2__f_clk/Y (BUFx4_ASAP7_75t_R)
                                         clknet_2_2__leaf_clk (net)
                 14.49    0.35  840.30 ^ _1510_/CLK (DFFHQNx3_ASAP7_75t_R)
                          0.00  840.30   clock reconvergence pessimism
                         -5.23  835.07   library setup time
                                835.07   data required time
-----------------------------------------------------------------------------
                                835.07   data required time
                               -1068.25   data arrival time
-----------------------------------------------------------------------------
                               -233.18   slack (VIOLATED)



==========================================================================
cts post-repair report_check_types -max_slew -max_cap -max_fanout -violators
--------------------------------------------------------------------------

==========================================================================
cts post-repair max_slew_check_slack
--------------------------------------------------------------------------
61.655460357666016

==========================================================================
cts post-repair max_slew_check_limit
--------------------------------------------------------------------------
320.0

==========================================================================
cts post-repair max_slew_check_slack_limit
--------------------------------------------------------------------------
0.1927

==========================================================================
cts post-repair max_fanout_check_slack
--------------------------------------------------------------------------
1.0000000150474662e+30

==========================================================================
cts post-repair max_fanout_check_limit
--------------------------------------------------------------------------
1.0000000150474662e+30

==========================================================================
cts post-repair max_capacitance_check_slack
--------------------------------------------------------------------------
16.610097885131836

==========================================================================
cts post-repair max_capacitance_check_limit
--------------------------------------------------------------------------
23.040000915527344

==========================================================================
cts post-repair max_capacitance_check_slack_limit
--------------------------------------------------------------------------
0.7209

==========================================================================
cts post-repair max_slew_violation_count
--------------------------------------------------------------------------
max slew violation count 0

==========================================================================
cts post-repair max_fanout_violation_count
--------------------------------------------------------------------------
max fanout violation count 0

==========================================================================
cts post-repair max_cap_violation_count
--------------------------------------------------------------------------
max cap violation count 0

==========================================================================
cts post-repair setup_violation_count
--------------------------------------------------------------------------
setup violation count 17

==========================================================================
cts post-repair hold_violation_count
--------------------------------------------------------------------------
hold violation count 0

==========================================================================
cts post-repair critical path delay
--------------------------------------------------------------------------
1068.2502

==========================================================================
cts post-repair critical path slack
--------------------------------------------------------------------------
-233.1818

==========================================================================
cts post-repair slack div critical path delay
--------------------------------------------------------------------------
-21.828388

==========================================================================
cts post-repair report_power
--------------------------------------------------------------------------
Group                  Internal  Switching    Leakage      Total
                          Power      Power      Power      Power (Watts)
----------------------------------------------------------------
Sequential             9.60e-05   3.79e-06   7.43e-09   9.98e-05  27.2%
Combinational          1.11e-04   1.24e-04   6.47e-08   2.35e-04  64.1%
Clock                  1.50e-05   1.71e-05   3.81e-10   3.21e-05   8.7%
Macro                  0.00e+00   0.00e+00   0.00e+00   0.00e+00   0.0%
Pad                    0.00e+00   0.00e+00   0.00e+00   0.00e+00   0.0%
----------------------------------------------------------------
Total                  2.22e-04   1.45e-04   7.25e-08   3.67e-04 100.0%
                          60.5%      39.5%       0.0%
