
==========================================================================
global route post repair timing check_setup
--------------------------------------------------------------------------
1

==========================================================================
global route post repair timing report_tns
--------------------------------------------------------------------------
tns -90.22

==========================================================================
global route post repair timing report_wns
--------------------------------------------------------------------------
wns -22.45

==========================================================================
global route post repair timing report_worst_slack
--------------------------------------------------------------------------
worst slack -22.45

==========================================================================
global route post repair timing report_clock_skew
--------------------------------------------------------------------------
Clock clk
No launch/capture paths found.


==========================================================================
global route post repair timing report_checks -path_delay min
--------------------------------------------------------------------------
Startpoint: rst (input port clocked by clk)
Endpoint: _1494_ (rising edge-triggered flip-flop clocked by clk)
Path Group: clk
Path Type: min

Fanout     Cap    Slew   Delay    Time   Description
-----------------------------------------------------------------------------
                          0.00    0.00   clock clk (rise edge)
                          0.00    0.00   clock network delay (propagated)
                         80.00   80.00 ^ input external delay
     1    1.81    0.00    0.00   80.00 ^ rst (in)
                                         rst (net)
                  0.45    0.14   80.14 ^ input1/A (BUFx6f_ASAP7_75t_R)
     7   12.60   17.18   14.08   94.22 ^ input1/Y (BUFx6f_ASAP7_75t_R)
                                         net1 (net)
                 17.57    1.43   95.65 ^ _1407_/A (NOR2x1_ASAP7_75t_R)
     1    0.73   11.00   11.41  107.06 v _1407_/Y (NOR2x1_ASAP7_75t_R)
                                         _0098_ (net)
                 11.01    0.06  107.12 v _1494_/D (DFFHQNx1_ASAP7_75t_R)
                                107.12   data arrival time

                          0.00    0.00   clock clk (rise edge)
                          0.00    0.00   clock source latency
     1    1.86    0.00    0.00    0.00 ^ clk (in)
                                         clk (net)
                  0.58    0.18    0.18 ^ clkbuf_0_clk/A (BUFx4_ASAP7_75t_R)
     4    3.55   10.82   17.08   17.26 ^ clkbuf_0_clk/Y (BUFx4_ASAP7_75t_R)
                                         clknet_0_clk (net)
                 10.85    0.31   17.57 ^ clkbuf_2_1__f_clk/A (BUFx4_ASAP7_75t_R)
     9    5.54   13.87   22.13   39.70 ^ clkbuf_2_1__f_clk/Y (BUFx4_ASAP7_75t_R)
                                         clknet_2_1__leaf_clk (net)
                 13.89    0.34   40.04 ^ _1494_/CLK (DFFHQNx1_ASAP7_75t_R)
                          0.00   40.04   clock reconvergence pessimism
                         11.62   51.66   library hold time
                                 51.66   data required time
-----------------------------------------------------------------------------
                                 51.66   data required time
                               -107.12   data arrival time
-----------------------------------------------------------------------------
                                 55.46   slack (MET)



==========================================================================
global route post repair timing report_checks -path_delay max
--------------------------------------------------------------------------
Startpoint: x[13] (input port clocked by clk)
Endpoint: _1510_ (rising edge-triggered flip-flop clocked by clk)
Path Group: clk
Path Type: max

Fanout     Cap    Slew   Delay    Time   Description
-----------------------------------------------------------------------------
                          0.00    0.00   clock clk (rise edge)
                          0.00    0.00   clock network delay (propagated)
                         80.00   80.00 v input external delay
     4    6.40    0.00    0.00   80.00 v x[13] (in)
                                         x[13] (net)
                  1.02    0.32   80.32 v input6/A (BUFx6f_ASAP7_75t_R)
     5    8.17   11.72   12.16   92.48 v input6/Y (BUFx6f_ASAP7_75t_R)
                                         net6 (net)
                 12.90    1.96   94.44 v _0769_/A (AND2x2_ASAP7_75t_R)
     3    2.14   10.19   20.67  115.11 v _0769_/Y (AND2x2_ASAP7_75t_R)
                                         _0132_ (net)
                 10.19    0.12  115.23 v _0770_/B2 (AO32x2_ASAP7_75t_R)
     6    5.12   20.29   33.74  148.97 v _0770_/Y (AO32x2_ASAP7_75t_R)
                                         _0133_ (net)
                 20.32    0.48  149.46 v rebuffer30/A (BUFx4f_ASAP7_75t_R)
     4    4.09    9.05   18.42  167.88 v rebuffer30/Y (BUFx4f_ASAP7_75t_R)
                                         net95 (net)
                  9.08    0.31  168.19 v _0772_/A (INVx2_ASAP7_75t_R)
     2    1.50    7.03    6.08  174.27 ^ _0772_/Y (INVx2_ASAP7_75t_R)
                                         _0134_ (net)
                  7.04    0.09  174.36 ^ _0795_/A (OR3x1_ASAP7_75t_R)
     1    1.07   10.27   12.93  187.29 ^ _0795_/Y (OR3x1_ASAP7_75t_R)
                                         _0157_ (net)
                 10.28    0.15  187.44 ^ _0809_/C (AND4x1_ASAP7_75t_R)
     3    2.16   22.03   31.80  219.24 ^ _0809_/Y (AND4x1_ASAP7_75t_R)
                                         _0171_ (net)
                 22.04    0.10  219.34 ^ _0823_/C (AND4x2_ASAP7_75t_R)
     6    3.83   22.91   39.04  258.38 ^ _0823_/Y (AND4x2_ASAP7_75t_R)
                                         _0184_ (net)
                 22.92    0.25  258.63 ^ _0831_/A2 (AO221x1_ASAP7_75t_R)
     1    1.17   12.34   24.71  283.33 ^ _0831_/Y (AO221x1_ASAP7_75t_R)
                                         _0192_ (net)
                 12.34    0.07  283.41 ^ _0854_/A2 (AOI211x1_ASAP7_75t_R)
     1    1.19   20.62   15.65  299.06 v _0854_/Y (AOI211x1_ASAP7_75t_R)
                                         _0721_ (net)
                 20.62    0.07  299.13 v _1461_/A (HAxp5_ASAP7_75t_R)
     1    0.76   20.64   16.72  315.84 ^ _1461_/CON (HAxp5_ASAP7_75t_R)
                                         _0727_ (net)
                 20.64    0.03  315.88 ^ _1450_/A (INVx1_ASAP7_75t_R)
     1    2.21   15.98   12.47  328.35 v _1450_/Y (INVx1_ASAP7_75t_R)
                                         _0697_ (net)
                 15.99    0.12  328.47 v _1453_/A (FAx1_ASAP7_75t_R)
     1    0.96   31.42   20.99  349.46 ^ _1453_/CON (FAx1_ASAP7_75t_R)
                                         _0700_ (net)
                 31.42    0.08  349.54 ^ rebuffer99/A (BUFx3_ASAP7_75t_R)
     7    5.60   15.03   22.21  371.75 ^ rebuffer99/Y (BUFx3_ASAP7_75t_R)
                                         net164 (net)
                 15.05    0.31  372.06 ^ _0981_/A (INVx2_ASAP7_75t_R)
     1    0.93    5.94    5.41  377.47 v _0981_/Y (INVx2_ASAP7_75t_R)
                                         _0337_ (net)
                  5.95    0.10  377.57 v _0982_/A2 (OA21x2_ASAP7_75t_R)
     1    1.20    7.51   16.72  394.29 v _0982_/Y (OA21x2_ASAP7_75t_R)
                                         _0338_ (net)
                  7.51    0.07  394.36 v _0983_/C (MAJx2_ASAP7_75t_R)
     2    2.54   13.39   25.69  420.05 v _0983_/Y (MAJx2_ASAP7_75t_R)
                                         _0693_ (net)
                 13.40    0.20  420.25 v _0984_/A2 (OA21x2_ASAP7_75t_R)
     1    0.88    6.72   18.34  438.59 v _0984_/Y (OA21x2_ASAP7_75t_R)
                                         _0339_ (net)
                  6.72    0.09  438.68 v _0985_/A2 (OA21x2_ASAP7_75t_R)
     1    1.77   10.83   17.91  456.59 v _0985_/Y (OA21x2_ASAP7_75t_R)
                                         _0696_ (net)
                 10.83    0.08  456.67 v _1452_/CI (FAx1_ASAP7_75t_R)
     1    0.85   29.53   18.13  474.80 ^ _1452_/CON (FAx1_ASAP7_75t_R)
                                         _0009_ (net)
                 29.53    0.03  474.84 ^ split23/A (BUFx3_ASAP7_75t_R)
     4    3.89    2.68   16.96  491.80 ^ split23/Y (BUFx3_ASAP7_75t_R)
                                         net88 (net)
                  2.69    0.35  492.15 ^ rebuffer20/A (BUFx2_ASAP7_75t_R)
     2    1.67    8.25   12.44  504.59 ^ rebuffer20/Y (BUFx2_ASAP7_75t_R)
                                         net85 (net)
                  8.26    0.14  504.73 ^ _1087_/A (AND2x2_ASAP7_75t_R)
     4    4.20   19.34   22.47  527.20 ^ _1087_/Y (AND2x2_ASAP7_75t_R)
                                         _0432_ (net)
                 19.35    0.21  527.41 ^ _1088_/B (AND2x4_ASAP7_75t_R)
     6    6.70   16.69   23.74  551.15 ^ _1088_/Y (AND2x4_ASAP7_75t_R)
                                         _0433_ (net)
                 16.70    0.25  551.40 ^ _1107_/A2 (AOI221x1_ASAP7_75t_R)
     1    0.77   26.15   14.67  566.07 v _1107_/Y (AOI221x1_ASAP7_75t_R)
                                         _0447_ (net)
                 26.15    0.04  566.11 v _1108_/B (AO21x1_ASAP7_75t_R)
     1    1.40   10.81   21.22  587.33 v _1108_/Y (AO21x1_ASAP7_75t_R)
                                         _0744_ (net)
                 10.81    0.16  587.49 v _1474_/A (HAxp5_ASAP7_75t_R)
     3    2.15   45.64   41.78  629.28 v _1474_/SN (HAxp5_ASAP7_75t_R)
                                         _0083_ (net)
                 45.64    0.17  629.45 v _1111_/E (OR5x1_ASAP7_75t_R)
     1    0.64   13.21   43.79  673.23 v _1111_/Y (OR5x1_ASAP7_75t_R)
                                         _0450_ (net)
                 13.21    0.06  673.29 v _1112_/B (OA211x2_ASAP7_75t_R)
     2    2.56   14.14   30.31  703.60 v _1112_/Y (OA211x2_ASAP7_75t_R)
                                         _0451_ (net)
                 14.15    0.21  703.81 v _1116_/A1 (OA21x2_ASAP7_75t_R)
     4    3.95   14.72   22.89  726.70 v _1116_/Y (OA21x2_ASAP7_75t_R)
                                         _0454_ (net)
                 14.73    0.21  726.91 v _1122_/A1 (OA21x2_ASAP7_75t_R)
     3    3.13   12.51   21.83  748.74 v _1122_/Y (OA21x2_ASAP7_75t_R)
                                         _0459_ (net)
                 12.52    0.22  748.96 v _1123_/C (OR3x1_ASAP7_75t_R)
     2    1.94   17.98   29.24  778.20 v _1123_/Y (OR3x1_ASAP7_75t_R)
                                         _0460_ (net)
                 17.99    0.16  778.36 v _1441_/A2 (AO21x1_ASAP7_75t_R)
     1    0.89    8.45   17.47  795.83 v _1441_/Y (AO21x1_ASAP7_75t_R)
                                         _0685_ (net)
                  8.45    0.09  795.92 v _1442_/A2 (AO21x1_ASAP7_75t_R)
     1    0.74    8.10   14.50  810.42 v _1442_/Y (AO21x1_ASAP7_75t_R)
                                         _0686_ (net)
                  8.11    0.07  810.49 v _1443_/B (AND2x2_ASAP7_75t_R)
     2    2.63   11.60   18.91  829.40 v _1443_/Y (AND2x2_ASAP7_75t_R)
                                         _0687_ (net)
                 11.61    0.21  829.61 v _1444_/B (XNOR2x1_ASAP7_75t_R)
     1    0.84   14.56   10.72  840.33 ^ _1444_/Y (XNOR2x1_ASAP7_75t_R)
                                         _0688_ (net)
                 14.57    0.08  840.41 ^ _1445_/B (AND2x2_ASAP7_75t_R)
     1    0.73    7.31   18.04  858.45 ^ _1445_/Y (AND2x2_ASAP7_75t_R)
                                         _0114_ (net)
                  7.31    0.04  858.49 ^ _1510_/D (DFFHQNx3_ASAP7_75t_R)
                                858.49   data arrival time

                        800.00  800.00   clock clk (rise edge)
                          0.00  800.00   clock source latency
     1    1.86    0.00    0.00  800.00 ^ clk (in)
                                         clk (net)
                  0.58    0.18  800.18 ^ clkbuf_0_clk/A (BUFx4_ASAP7_75t_R)
     4    3.55   10.82   17.08  817.26 ^ clkbuf_0_clk/Y (BUFx4_ASAP7_75t_R)
                                         clknet_0_clk (net)
                 10.84    0.27  817.54 ^ clkbuf_2_2__f_clk/A (BUFx4_ASAP7_75t_R)
    10    6.40   15.39   22.72  840.25 ^ clkbuf_2_2__f_clk/Y (BUFx4_ASAP7_75t_R)
                                         clknet_2_2__leaf_clk (net)
                 15.57    0.90  841.15 ^ _1510_/CLK (DFFHQNx3_ASAP7_75t_R)
                          0.00  841.15   clock reconvergence pessimism
                         -5.12  836.04   library setup time
                                836.04   data required time
-----------------------------------------------------------------------------
                                836.04   data required time
                               -858.49   data arrival time
-----------------------------------------------------------------------------
                                -22.45   slack (VIOLATED)



==========================================================================
global route post repair timing report_checks -unconstrained
--------------------------------------------------------------------------
Startpoint: x[13] (input port clocked by clk)
Endpoint: _1510_ (rising edge-triggered flip-flop clocked by clk)
Path Group: clk
Path Type: max

Fanout     Cap    Slew   Delay    Time   Description
-----------------------------------------------------------------------------
                          0.00    0.00   clock clk (rise edge)
                          0.00    0.00   clock network delay (propagated)
                         80.00   80.00 v input external delay
     4    6.40    0.00    0.00   80.00 v x[13] (in)
                                         x[13] (net)
                  1.02    0.32   80.32 v input6/A (BUFx6f_ASAP7_75t_R)
     5    8.17   11.72   12.16   92.48 v input6/Y (BUFx6f_ASAP7_75t_R)
                                         net6 (net)
                 12.90    1.96   94.44 v _0769_/A (AND2x2_ASAP7_75t_R)
     3    2.14   10.19   20.67  115.11 v _0769_/Y (AND2x2_ASAP7_75t_R)
                                         _0132_ (net)
                 10.19    0.12  115.23 v _0770_/B2 (AO32x2_ASAP7_75t_R)
     6    5.12   20.29   33.74  148.97 v _0770_/Y (AO32x2_ASAP7_75t_R)
                                         _0133_ (net)
                 20.32    0.48  149.46 v rebuffer30/A (BUFx4f_ASAP7_75t_R)
     4    4.09    9.05   18.42  167.88 v rebuffer30/Y (BUFx4f_ASAP7_75t_R)
                                         net95 (net)
                  9.08    0.31  168.19 v _0772_/A (INVx2_ASAP7_75t_R)
     2    1.50    7.03    6.08  174.27 ^ _0772_/Y (INVx2_ASAP7_75t_R)
                                         _0134_ (net)
                  7.04    0.09  174.36 ^ _0795_/A (OR3x1_ASAP7_75t_R)
     1    1.07   10.27   12.93  187.29 ^ _0795_/Y (OR3x1_ASAP7_75t_R)
                                         _0157_ (net)
                 10.28    0.15  187.44 ^ _0809_/C (AND4x1_ASAP7_75t_R)
     3    2.16   22.03   31.80  219.24 ^ _0809_/Y (AND4x1_ASAP7_75t_R)
                                         _0171_ (net)
                 22.04    0.10  219.34 ^ _0823_/C (AND4x2_ASAP7_75t_R)
     6    3.83   22.91   39.04  258.38 ^ _0823_/Y (AND4x2_ASAP7_75t_R)
                                         _0184_ (net)
                 22.92    0.25  258.63 ^ _0831_/A2 (AO221x1_ASAP7_75t_R)
     1    1.17   12.34   24.71  283.33 ^ _0831_/Y (AO221x1_ASAP7_75t_R)
                                         _0192_ (net)
                 12.34    0.07  283.41 ^ _0854_/A2 (AOI211x1_ASAP7_75t_R)
     1    1.19   20.62   15.65  299.06 v _0854_/Y (AOI211x1_ASAP7_75t_R)
                                         _0721_ (net)
                 20.62    0.07  299.13 v _1461_/A (HAxp5_ASAP7_75t_R)
     1    0.76   20.64   16.72  315.84 ^ _1461_/CON (HAxp5_ASAP7_75t_R)
                                         _0727_ (net)
                 20.64    0.03  315.88 ^ _1450_/A (INVx1_ASAP7_75t_R)
     1    2.21   15.98   12.47  328.35 v _1450_/Y (INVx1_ASAP7_75t_R)
                                         _0697_ (net)
                 15.99    0.12  328.47 v _1453_/A (FAx1_ASAP7_75t_R)
     1    0.96   31.42   20.99  349.46 ^ _1453_/CON (FAx1_ASAP7_75t_R)
                                         _0700_ (net)
                 31.42    0.08  349.54 ^ rebuffer99/A (BUFx3_ASAP7_75t_R)
     7    5.60   15.03   22.21  371.75 ^ rebuffer99/Y (BUFx3_ASAP7_75t_R)
                                         net164 (net)
                 15.05    0.31  372.06 ^ _0981_/A (INVx2_ASAP7_75t_R)
     1    0.93    5.94    5.41  377.47 v _0981_/Y (INVx2_ASAP7_75t_R)
                                         _0337_ (net)
                  5.95    0.10  377.57 v _0982_/A2 (OA21x2_ASAP7_75t_R)
     1    1.20    7.51   16.72  394.29 v _0982_/Y (OA21x2_ASAP7_75t_R)
                                         _0338_ (net)
                  7.51    0.07  394.36 v _0983_/C (MAJx2_ASAP7_75t_R)
     2    2.54   13.39   25.69  420.05 v _0983_/Y (MAJx2_ASAP7_75t_R)
                                         _0693_ (net)
                 13.40    0.20  420.25 v _0984_/A2 (OA21x2_ASAP7_75t_R)
     1    0.88    6.72   18.34  438.59 v _0984_/Y (OA21x2_ASAP7_75t_R)
                                         _0339_ (net)
                  6.72    0.09  438.68 v _0985_/A2 (OA21x2_ASAP7_75t_R)
     1    1.77   10.83   17.91  456.59 v _0985_/Y (OA21x2_ASAP7_75t_R)
                                         _0696_ (net)
                 10.83    0.08  456.67 v _1452_/CI (FAx1_ASAP7_75t_R)
     1    0.85   29.53   18.13  474.80 ^ _1452_/CON (FAx1_ASAP7_75t_R)
                                         _0009_ (net)
                 29.53    0.03  474.84 ^ split23/A (BUFx3_ASAP7_75t_R)
     4    3.89    2.68   16.96  491.80 ^ split23/Y (BUFx3_ASAP7_75t_R)
                                         net88 (net)
                  2.69    0.35  492.15 ^ rebuffer20/A (BUFx2_ASAP7_75t_R)
     2    1.67    8.25   12.44  504.59 ^ rebuffer20/Y (BUFx2_ASAP7_75t_R)
                                         net85 (net)
                  8.26    0.14  504.73 ^ _1087_/A (AND2x2_ASAP7_75t_R)
     4    4.20   19.34   22.47  527.20 ^ _1087_/Y (AND2x2_ASAP7_75t_R)
                                         _0432_ (net)
                 19.35    0.21  527.41 ^ _1088_/B (AND2x4_ASAP7_75t_R)
     6    6.70   16.69   23.74  551.15 ^ _1088_/Y (AND2x4_ASAP7_75t_R)
                                         _0433_ (net)
                 16.70    0.25  551.40 ^ _1107_/A2 (AOI221x1_ASAP7_75t_R)
     1    0.77   26.15   14.67  566.07 v _1107_/Y (AOI221x1_ASAP7_75t_R)
                                         _0447_ (net)
                 26.15    0.04  566.11 v _1108_/B (AO21x1_ASAP7_75t_R)
     1    1.40   10.81   21.22  587.33 v _1108_/Y (AO21x1_ASAP7_75t_R)
                                         _0744_ (net)
                 10.81    0.16  587.49 v _1474_/A (HAxp5_ASAP7_75t_R)
     3    2.15   45.64   41.78  629.28 v _1474_/SN (HAxp5_ASAP7_75t_R)
                                         _0083_ (net)
                 45.64    0.17  629.45 v _1111_/E (OR5x1_ASAP7_75t_R)
     1    0.64   13.21   43.79  673.23 v _1111_/Y (OR5x1_ASAP7_75t_R)
                                         _0450_ (net)
                 13.21    0.06  673.29 v _1112_/B (OA211x2_ASAP7_75t_R)
     2    2.56   14.14   30.31  703.60 v _1112_/Y (OA211x2_ASAP7_75t_R)
                                         _0451_ (net)
                 14.15    0.21  703.81 v _1116_/A1 (OA21x2_ASAP7_75t_R)
     4    3.95   14.72   22.89  726.70 v _1116_/Y (OA21x2_ASAP7_75t_R)
                                         _0454_ (net)
                 14.73    0.21  726.91 v _1122_/A1 (OA21x2_ASAP7_75t_R)
     3    3.13   12.51   21.83  748.74 v _1122_/Y (OA21x2_ASAP7_75t_R)
                                         _0459_ (net)
                 12.52    0.22  748.96 v _1123_/C (OR3x1_ASAP7_75t_R)
     2    1.94   17.98   29.24  778.20 v _1123_/Y (OR3x1_ASAP7_75t_R)
                                         _0460_ (net)
                 17.99    0.16  778.36 v _1441_/A2 (AO21x1_ASAP7_75t_R)
     1    0.89    8.45   17.47  795.83 v _1441_/Y (AO21x1_ASAP7_75t_R)
                                         _0685_ (net)
                  8.45    0.09  795.92 v _1442_/A2 (AO21x1_ASAP7_75t_R)
     1    0.74    8.10   14.50  810.42 v _1442_/Y (AO21x1_ASAP7_75t_R)
                                         _0686_ (net)
                  8.11    0.07  810.49 v _1443_/B (AND2x2_ASAP7_75t_R)
     2    2.63   11.60   18.91  829.40 v _1443_/Y (AND2x2_ASAP7_75t_R)
                                         _0687_ (net)
                 11.61    0.21  829.61 v _1444_/B (XNOR2x1_ASAP7_75t_R)
     1    0.84   14.56   10.72  840.33 ^ _1444_/Y (XNOR2x1_ASAP7_75t_R)
                                         _0688_ (net)
                 14.57    0.08  840.41 ^ _1445_/B (AND2x2_ASAP7_75t_R)
     1    0.73    7.31   18.04  858.45 ^ _1445_/Y (AND2x2_ASAP7_75t_R)
                                         _0114_ (net)
                  7.31    0.04  858.49 ^ _1510_/D (DFFHQNx3_ASAP7_75t_R)
                                858.49   data arrival time

                        800.00  800.00   clock clk (rise edge)
                          0.00  800.00   clock source latency
     1    1.86    0.00    0.00  800.00 ^ clk (in)
                                         clk (net)
                  0.58    0.18  800.18 ^ clkbuf_0_clk/A (BUFx4_ASAP7_75t_R)
     4    3.55   10.82   17.08  817.26 ^ clkbuf_0_clk/Y (BUFx4_ASAP7_75t_R)
                                         clknet_0_clk (net)
                 10.84    0.27  817.54 ^ clkbuf_2_2__f_clk/A (BUFx4_ASAP7_75t_R)
    10    6.40   15.39   22.72  840.25 ^ clkbuf_2_2__f_clk/Y (BUFx4_ASAP7_75t_R)
                                         clknet_2_2__leaf_clk (net)
                 15.57    0.90  841.15 ^ _1510_/CLK (DFFHQNx3_ASAP7_75t_R)
                          0.00  841.15   clock reconvergence pessimism
                         -5.12  836.04   library setup time
                                836.04   data required time
-----------------------------------------------------------------------------
                                836.04   data required time
                               -858.49   data arrival time
-----------------------------------------------------------------------------
                                -22.45   slack (VIOLATED)



==========================================================================
global route post repair timing report_check_types -max_slew -max_cap -max_fanout -violators
--------------------------------------------------------------------------

==========================================================================
global route post repair timing max_slew_check_slack
--------------------------------------------------------------------------
223.4846649169922

==========================================================================
global route post repair timing max_slew_check_limit
--------------------------------------------------------------------------
320.0

==========================================================================
global route post repair timing max_slew_check_slack_limit
--------------------------------------------------------------------------
0.6984

==========================================================================
global route post repair timing max_fanout_check_slack
--------------------------------------------------------------------------
1.0000000150474662e+30

==========================================================================
global route post repair timing max_fanout_check_limit
--------------------------------------------------------------------------
1.0000000150474662e+30

==========================================================================
global route post repair timing max_capacitance_check_slack
--------------------------------------------------------------------------
15.583261489868164

==========================================================================
global route post repair timing max_capacitance_check_limit
--------------------------------------------------------------------------
23.040000915527344

==========================================================================
global route post repair timing max_capacitance_check_slack_limit
--------------------------------------------------------------------------
0.6764

==========================================================================
global route post repair timing max_slew_violation_count
--------------------------------------------------------------------------
max slew violation count 0

==========================================================================
global route post repair timing max_fanout_violation_count
--------------------------------------------------------------------------
max fanout violation count 0

==========================================================================
global route post repair timing max_cap_violation_count
--------------------------------------------------------------------------
max cap violation count 0

==========================================================================
global route post repair timing setup_violation_count
--------------------------------------------------------------------------
setup violation count 6

==========================================================================
global route post repair timing hold_violation_count
--------------------------------------------------------------------------
hold violation count 0

==========================================================================
global route post repair timing critical path delay
--------------------------------------------------------------------------
858.4851

==========================================================================
global route post repair timing critical path slack
--------------------------------------------------------------------------
-22.4492

==========================================================================
global route post repair timing slack div critical path delay
--------------------------------------------------------------------------
-2.614978

==========================================================================
global route post repair timing report_power
--------------------------------------------------------------------------
Group                  Internal  Switching    Leakage      Total
                          Power      Power      Power      Power (Watts)
----------------------------------------------------------------
Sequential             8.18e-05   3.38e-06   6.11e-09   8.52e-05  25.8%
Combinational          1.01e-04   1.11e-04   7.19e-08   2.12e-04  64.3%
Clock                  1.50e-05   1.79e-05   3.81e-10   3.29e-05  10.0%
Macro                  0.00e+00   0.00e+00   0.00e+00   0.00e+00   0.0%
Pad                    0.00e+00   0.00e+00   0.00e+00   0.00e+00   0.0%
----------------------------------------------------------------
Total                  1.98e-04   1.32e-04   7.84e-08   3.31e-04 100.0%
                          59.9%      40.0%       0.0%
