
==========================================================================
global route pre repair design check_setup
--------------------------------------------------------------------------
1

==========================================================================
global route pre repair design report_tns
--------------------------------------------------------------------------
tns -72.00

==========================================================================
global route pre repair design report_wns
--------------------------------------------------------------------------
wns -23.55

==========================================================================
global route pre repair design report_worst_slack
--------------------------------------------------------------------------
worst slack -23.55

==========================================================================
global route pre repair design report_clock_skew
--------------------------------------------------------------------------
Clock clk
No launch/capture paths found.


==========================================================================
global route pre repair design report_checks -path_delay min
--------------------------------------------------------------------------
Startpoint: rst (input port clocked by clk)
Endpoint: _1494_ (rising edge-triggered flip-flop clocked by clk)
Path Group: clk
Path Type: min

Fanout     Cap    Slew   Delay    Time   Description
-----------------------------------------------------------------------------
                          0.00    0.00   clock clk (rise edge)
                          0.00    0.00   clock network delay (propagated)
                         80.00   80.00 ^ input external delay
     1    1.81    0.00    0.00   80.00 ^ rst (in)
                                         rst (net)
                  0.45    0.14   80.14 ^ input1/A (BUFx6f_ASAP7_75t_R)
     7   11.90   16.36   13.77   93.92 ^ input1/Y (BUFx6f_ASAP7_75t_R)
                                         net1 (net)
                 16.90    1.62   95.54 ^ _1407_/A (NOR2x1_ASAP7_75t_R)
     1    0.78   11.07   11.38  106.92 v _1407_/Y (NOR2x1_ASAP7_75t_R)
                                         _0098_ (net)
                 11.07    0.07  106.98 v _1494_/D (DFFHQNx3_ASAP7_75t_R)
                                106.98   data arrival time

                          0.00    0.00   clock clk (rise edge)
                          0.00    0.00   clock source latency
     1    1.86    0.00    0.00    0.00 ^ clk (in)
                                         clk (net)
                  0.58    0.18    0.18 ^ clkbuf_0_clk/A (BUFx4_ASAP7_75t_R)
     4    3.55   10.82   17.08   17.26 ^ clkbuf_0_clk/Y (BUFx4_ASAP7_75t_R)
                                         clknet_0_clk (net)
                 10.85    0.31   17.57 ^ clkbuf_2_1__f_clk/A (BUFx4_ASAP7_75t_R)
     9    5.55   13.87   22.14   39.71 ^ clkbuf_2_1__f_clk/Y (BUFx4_ASAP7_75t_R)
                                         clknet_2_1__leaf_clk (net)
                 13.90    0.34   40.05 ^ _1494_/CLK (DFFHQNx3_ASAP7_75t_R)
                          0.00   40.05   clock reconvergence pessimism
                         12.15   52.20   library hold time
                                 52.20   data required time
-----------------------------------------------------------------------------
                                 52.20   data required time
                               -106.98   data arrival time
-----------------------------------------------------------------------------
                                 54.78   slack (MET)



==========================================================================
global route pre repair design report_checks -path_delay max
--------------------------------------------------------------------------
Startpoint: y[15] (input port clocked by clk)
Endpoint: _1509_ (rising edge-triggered flip-flop clocked by clk)
Path Group: clk
Path Type: max

Fanout     Cap    Slew   Delay    Time   Description
-----------------------------------------------------------------------------
                          0.00    0.00   clock clk (rise edge)
                          0.00    0.00   clock network delay (propagated)
                         80.00   80.00 v input external delay
     1    2.97    0.00    0.00   80.00 v y[15] (in)
                                         y[15] (net)
                  0.64    0.20   80.20 v input24/A (BUFx16f_ASAP7_75t_R)
    44   46.03   25.85   16.89   97.09 v input24/Y (BUFx16f_ASAP7_75t_R)
                                         net24 (net)
                 30.46    5.50  102.59 v _0878_/A (AND4x1_ASAP7_75t_R)
     2    2.22   15.45   23.04  125.63 v _0878_/Y (AND4x1_ASAP7_75t_R)
                                         _0238_ (net)
                 15.46    0.21  125.84 v _0879_/B (AOI21x1_ASAP7_75t_R)
    10    7.38   49.84   27.33  153.17 ^ _0879_/Y (AOI21x1_ASAP7_75t_R)
                                         _0239_ (net)
                 49.96    1.42  154.59 ^ _0891_/B (OR2x6_ASAP7_75t_R)
     5   10.23   19.14   34.66  189.25 ^ _0891_/Y (OR2x6_ASAP7_75t_R)
                                         _0251_ (net)
                 19.67    1.71  190.96 ^ _0893_/A (INVx8_ASAP7_75t_R)
    10   10.03   12.90    8.98  199.94 v _0893_/Y (INVx8_ASAP7_75t_R)
                                         _0695_ (net)
                 13.15    1.00  200.94 v _0900_/B (AND3x1_ASAP7_75t_R)
     2    1.22    9.75   16.49  217.42 v _0900_/Y (AND3x1_ASAP7_75t_R)
                                         _0259_ (net)
                  9.75    0.04  217.47 v _0901_/A (INVx1_ASAP7_75t_R)
     1    1.15    9.71    7.76  225.23 ^ _0901_/Y (INVx1_ASAP7_75t_R)
                                         _0260_ (net)
                  9.71    0.14  225.37 ^ _0913_/A (AND4x2_ASAP7_75t_R)
     4    3.50   21.64   33.85  259.22 ^ _0913_/Y (AND4x2_ASAP7_75t_R)
                                         _0272_ (net)
                 21.66    0.35  259.57 ^ _1259_/A (AND2x2_ASAP7_75t_R)
     1    1.07    8.52   19.50  279.08 ^ _1259_/Y (AND2x2_ASAP7_75t_R)
                                         _0550_ (net)
                  8.52    0.10  279.18 ^ _1279_/A1 (AOI211x1_ASAP7_75t_R)
     1    1.74   25.57   16.02  295.20 v _1279_/Y (AOI211x1_ASAP7_75t_R)
                                         _0722_ (net)
                 25.59    0.30  295.49 v _1461_/B (HAxp5_ASAP7_75t_R)
     1    0.76   20.64   17.33  312.82 ^ _1461_/CON (HAxp5_ASAP7_75t_R)
                                         _0727_ (net)
                 20.64    0.03  312.85 ^ _1450_/A (INVx1_ASAP7_75t_R)
     1    2.21   15.98   12.47  325.32 v _1450_/Y (INVx1_ASAP7_75t_R)
                                         _0697_ (net)
                 15.99    0.12  325.44 v _1453_/A (FAx1_ASAP7_75t_R)
     1    0.96   31.43   20.99  346.44 ^ _1453_/CON (FAx1_ASAP7_75t_R)
                                         _0700_ (net)
                 31.43    0.08  346.52 ^ rebuffer99/A (BUFx3_ASAP7_75t_R)
     7    5.60   15.03   22.21  368.72 ^ rebuffer99/Y (BUFx3_ASAP7_75t_R)
                                         net164 (net)
                 15.05    0.31  369.04 ^ _0981_/A (INVx2_ASAP7_75t_R)
     1    0.93    5.94    5.41  374.45 v _0981_/Y (INVx2_ASAP7_75t_R)
                                         _0337_ (net)
                  5.95    0.10  374.55 v _0982_/A2 (OA21x2_ASAP7_75t_R)
     1    1.18    7.47   16.69  391.24 v _0982_/Y (OA21x2_ASAP7_75t_R)
                                         _0338_ (net)
                  7.47    0.07  391.30 v _0983_/C (MAJx2_ASAP7_75t_R)
     2    2.54   13.36   25.69  416.99 v _0983_/Y (MAJx2_ASAP7_75t_R)
                                         _0693_ (net)
                 13.36    0.18  417.18 v _0984_/A2 (OA21x2_ASAP7_75t_R)
     1    0.88    6.72   18.33  435.50 v _0984_/Y (OA21x2_ASAP7_75t_R)
                                         _0339_ (net)
                  6.72    0.09  435.59 v _0985_/A2 (OA21x2_ASAP7_75t_R)
     1    1.77   11.05   17.91  453.50 v _0985_/Y (OA21x2_ASAP7_75t_R)
                                         _0696_ (net)
                 11.06    0.08  453.58 v _1452_/CI (FAx1_ASAP7_75t_R)
     1    0.85   29.57   18.20  471.78 ^ _1452_/CON (FAx1_ASAP7_75t_R)
                                         _0009_ (net)
                 29.57    0.03  471.81 ^ split23/A (BUFx3_ASAP7_75t_R)
     4    3.89    2.68   16.97  488.78 ^ split23/Y (BUFx3_ASAP7_75t_R)
                                         net88 (net)
                  2.69    0.35  489.13 ^ rebuffer20/A (BUFx2_ASAP7_75t_R)
     2    1.67    8.25   12.44  501.57 ^ rebuffer20/Y (BUFx2_ASAP7_75t_R)
                                         net85 (net)
                  8.26    0.14  501.71 ^ _1087_/A (AND2x2_ASAP7_75t_R)
     4    3.68   17.47   21.59  523.30 ^ _1087_/Y (AND2x2_ASAP7_75t_R)
                                         _0432_ (net)
                 17.47    0.11  523.41 ^ _1105_/B (AND2x2_ASAP7_75t_R)
     3    2.58   14.15   22.50  545.91 ^ _1105_/Y (AND2x2_ASAP7_75t_R)
                                         _0445_ (net)
                 14.16    0.16  546.07 ^ _1252_/A (INVx1_ASAP7_75t_R)
     2    1.98   13.43   10.19  556.26 v _1252_/Y (INVx1_ASAP7_75t_R)
                                         _0545_ (net)
                 13.44    0.15  556.41 v _1254_/A2 (OA21x2_ASAP7_75t_R)
     1    0.83    6.98   18.27  574.68 v _1254_/Y (OA21x2_ASAP7_75t_R)
                                         _0547_ (net)
                  6.98    0.08  574.76 v _1255_/B (AO21x2_ASAP7_75t_R)
     2    3.22   12.77   21.50  596.26 v _1255_/Y (AO21x2_ASAP7_75t_R)
                                         _0719_ (net)
                 12.78    0.22  596.48 v _1477_/A (HAxp5_ASAP7_75t_R)
     2    1.37   30.49   33.07  629.55 v _1477_/SN (HAxp5_ASAP7_75t_R)
                                         _0029_ (net)
                 30.49    0.10  629.64 v _1111_/C (OR5x1_ASAP7_75t_R)
     1    0.64   13.10   40.22  669.87 v _1111_/Y (OR5x1_ASAP7_75t_R)
                                         _0450_ (net)
                 13.10    0.06  669.92 v _1112_/B (OA211x2_ASAP7_75t_R)
     2    2.56   14.14   30.27  700.20 v _1112_/Y (OA211x2_ASAP7_75t_R)
                                         _0451_ (net)
                 14.15    0.21  700.40 v _1116_/A1 (OA21x2_ASAP7_75t_R)
     4    3.95   14.72   22.89  723.30 v _1116_/Y (OA21x2_ASAP7_75t_R)
                                         _0454_ (net)
                 14.73    0.21  723.50 v _1122_/A1 (OA21x2_ASAP7_75t_R)
     3    3.13   12.51   21.83  745.34 v _1122_/Y (OA21x2_ASAP7_75t_R)
                                         _0459_ (net)
                 12.52    0.22  745.55 v _1123_/C (OR3x1_ASAP7_75t_R)
     2    1.94   17.98   29.24  774.80 v _1123_/Y (OR3x1_ASAP7_75t_R)
                                         _0460_ (net)
                 17.99    0.18  774.98 v _1124_/A (NAND2x1_ASAP7_75t_R)
     1    2.14   22.57   17.85  792.83 ^ _1124_/Y (NAND2x1_ASAP7_75t_R)
                                         _0710_ (net)
                 22.57    0.16  792.99 ^ _1457_/A (FAx1_ASAP7_75t_R)
     1    1.14   24.35   18.80  811.79 v _1457_/CON (FAx1_ASAP7_75t_R)
                                         _0032_ (net)
                 24.35    0.04  811.83 v _1438_/A (XOR2x2_ASAP7_75t_R)
     1    0.72    8.25   31.18  843.01 ^ _1438_/Y (XOR2x2_ASAP7_75t_R)
                                         _0683_ (net)
                  8.25    0.06  843.07 ^ _1439_/A (AND2x2_ASAP7_75t_R)
     1    0.92    8.00   16.35  859.42 ^ _1439_/Y (AND2x2_ASAP7_75t_R)
                                         _0113_ (net)
                  8.00    0.10  859.52 ^ _1509_/D (DFFHQNx3_ASAP7_75t_R)
                                859.52   data arrival time

                        800.00  800.00   clock clk (rise edge)
                          0.00  800.00   clock source latency
     1    1.86    0.00    0.00  800.00 ^ clk (in)
                                         clk (net)
                  0.58    0.18  800.18 ^ clkbuf_0_clk/A (BUFx4_ASAP7_75t_R)
     4    3.55   10.82   17.08  817.26 ^ clkbuf_0_clk/Y (BUFx4_ASAP7_75t_R)
                                         clknet_0_clk (net)
                 10.84    0.27  817.54 ^ clkbuf_2_2__f_clk/A (BUFx4_ASAP7_75t_R)
    10    6.40   15.39   22.72  840.25 ^ clkbuf_2_2__f_clk/Y (BUFx4_ASAP7_75t_R)
                                         clknet_2_2__leaf_clk (net)
                 15.57    0.90  841.16 ^ _1509_/CLK (DFFHQNx3_ASAP7_75t_R)
                          0.00  841.16   clock reconvergence pessimism
                         -5.19  835.97   library setup time
                                835.97   data required time
-----------------------------------------------------------------------------
                                835.97   data required time
                               -859.52   data arrival time
-----------------------------------------------------------------------------
                                -23.55   slack (VIOLATED)



==========================================================================
global route pre repair design report_checks -unconstrained
--------------------------------------------------------------------------
Startpoint: y[15] (input port clocked by clk)
Endpoint: _1509_ (rising edge-triggered flip-flop clocked by clk)
Path Group: clk
Path Type: max

Fanout     Cap    Slew   Delay    Time   Description
-----------------------------------------------------------------------------
                          0.00    0.00   clock clk (rise edge)
                          0.00    0.00   clock network delay (propagated)
                         80.00   80.00 v input external delay
     1    2.97    0.00    0.00   80.00 v y[15] (in)
                                         y[15] (net)
                  0.64    0.20   80.20 v input24/A (BUFx16f_ASAP7_75t_R)
    44   46.03   25.85   16.89   97.09 v input24/Y (BUFx16f_ASAP7_75t_R)
                                         net24 (net)
                 30.46    5.50  102.59 v _0878_/A (AND4x1_ASAP7_75t_R)
     2    2.22   15.45   23.04  125.63 v _0878_/Y (AND4x1_ASAP7_75t_R)
                                         _0238_ (net)
                 15.46    0.21  125.84 v _0879_/B (AOI21x1_ASAP7_75t_R)
    10    7.38   49.84   27.33  153.17 ^ _0879_/Y (AOI21x1_ASAP7_75t_R)
                                         _0239_ (net)
                 49.96    1.42  154.59 ^ _0891_/B (OR2x6_ASAP7_75t_R)
     5   10.23   19.14   34.66  189.25 ^ _0891_/Y (OR2x6_ASAP7_75t_R)
                                         _0251_ (net)
                 19.67    1.71  190.96 ^ _0893_/A (INVx8_ASAP7_75t_R)
    10   10.03   12.90    8.98  199.94 v _0893_/Y (INVx8_ASAP7_75t_R)
                                         _0695_ (net)
                 13.15    1.00  200.94 v _0900_/B (AND3x1_ASAP7_75t_R)
     2    1.22    9.75   16.49  217.42 v _0900_/Y (AND3x1_ASAP7_75t_R)
                                         _0259_ (net)
                  9.75    0.04  217.47 v _0901_/A (INVx1_ASAP7_75t_R)
     1    1.15    9.71    7.76  225.23 ^ _0901_/Y (INVx1_ASAP7_75t_R)
                                         _0260_ (net)
                  9.71    0.14  225.37 ^ _0913_/A (AND4x2_ASAP7_75t_R)
     4    3.50   21.64   33.85  259.22 ^ _0913_/Y (AND4x2_ASAP7_75t_R)
                                         _0272_ (net)
                 21.66    0.35  259.57 ^ _1259_/A (AND2x2_ASAP7_75t_R)
     1    1.07    8.52   19.50  279.08 ^ _1259_/Y (AND2x2_ASAP7_75t_R)
                                         _0550_ (net)
                  8.52    0.10  279.18 ^ _1279_/A1 (AOI211x1_ASAP7_75t_R)
     1    1.74   25.57   16.02  295.20 v _1279_/Y (AOI211x1_ASAP7_75t_R)
                                         _0722_ (net)
                 25.59    0.30  295.49 v _1461_/B (HAxp5_ASAP7_75t_R)
     1    0.76   20.64   17.33  312.82 ^ _1461_/CON (HAxp5_ASAP7_75t_R)
                                         _0727_ (net)
                 20.64    0.03  312.85 ^ _1450_/A (INVx1_ASAP7_75t_R)
     1    2.21   15.98   12.47  325.32 v _1450_/Y (INVx1_ASAP7_75t_R)
                                         _0697_ (net)
                 15.99    0.12  325.44 v _1453_/A (FAx1_ASAP7_75t_R)
     1    0.96   31.43   20.99  346.44 ^ _1453_/CON (FAx1_ASAP7_75t_R)
                                         _0700_ (net)
                 31.43    0.08  346.52 ^ rebuffer99/A (BUFx3_ASAP7_75t_R)
     7    5.60   15.03   22.21  368.72 ^ rebuffer99/Y (BUFx3_ASAP7_75t_R)
                                         net164 (net)
                 15.05    0.31  369.04 ^ _0981_/A (INVx2_ASAP7_75t_R)
     1    0.93    5.94    5.41  374.45 v _0981_/Y (INVx2_ASAP7_75t_R)
                                         _0337_ (net)
                  5.95    0.10  374.55 v _0982_/A2 (OA21x2_ASAP7_75t_R)
     1    1.18    7.47   16.69  391.24 v _0982_/Y (OA21x2_ASAP7_75t_R)
                                         _0338_ (net)
                  7.47    0.07  391.30 v _0983_/C (MAJx2_ASAP7_75t_R)
     2    2.54   13.36   25.69  416.99 v _0983_/Y (MAJx2_ASAP7_75t_R)
                                         _0693_ (net)
                 13.36    0.18  417.18 v _0984_/A2 (OA21x2_ASAP7_75t_R)
     1    0.88    6.72   18.33  435.50 v _0984_/Y (OA21x2_ASAP7_75t_R)
                                         _0339_ (net)
                  6.72    0.09  435.59 v _0985_/A2 (OA21x2_ASAP7_75t_R)
     1    1.77   11.05   17.91  453.50 v _0985_/Y (OA21x2_ASAP7_75t_R)
                                         _0696_ (net)
                 11.06    0.08  453.58 v _1452_/CI (FAx1_ASAP7_75t_R)
     1    0.85   29.57   18.20  471.78 ^ _1452_/CON (FAx1_ASAP7_75t_R)
                                         _0009_ (net)
                 29.57    0.03  471.81 ^ split23/A (BUFx3_ASAP7_75t_R)
     4    3.89    2.68   16.97  488.78 ^ split23/Y (BUFx3_ASAP7_75t_R)
                                         net88 (net)
                  2.69    0.35  489.13 ^ rebuffer20/A (BUFx2_ASAP7_75t_R)
     2    1.67    8.25   12.44  501.57 ^ rebuffer20/Y (BUFx2_ASAP7_75t_R)
                                         net85 (net)
                  8.26    0.14  501.71 ^ _1087_/A (AND2x2_ASAP7_75t_R)
     4    3.68   17.47   21.59  523.30 ^ _1087_/Y (AND2x2_ASAP7_75t_R)
                                         _0432_ (net)
                 17.47    0.11  523.41 ^ _1105_/B (AND2x2_ASAP7_75t_R)
     3    2.58   14.15   22.50  545.91 ^ _1105_/Y (AND2x2_ASAP7_75t_R)
                                         _0445_ (net)
                 14.16    0.16  546.07 ^ _1252_/A (INVx1_ASAP7_75t_R)
     2    1.98   13.43   10.19  556.26 v _1252_/Y (INVx1_ASAP7_75t_R)
                                         _0545_ (net)
                 13.44    0.15  556.41 v _1254_/A2 (OA21x2_ASAP7_75t_R)
     1    0.83    6.98   18.27  574.68 v _1254_/Y (OA21x2_ASAP7_75t_R)
                                         _0547_ (net)
                  6.98    0.08  574.76 v _1255_/B (AO21x2_ASAP7_75t_R)
     2    3.22   12.77   21.50  596.26 v _1255_/Y (AO21x2_ASAP7_75t_R)
                                         _0719_ (net)
                 12.78    0.22  596.48 v _1477_/A (HAxp5_ASAP7_75t_R)
     2    1.37   30.49   33.07  629.55 v _1477_/SN (HAxp5_ASAP7_75t_R)
                                         _0029_ (net)
                 30.49    0.10  629.64 v _1111_/C (OR5x1_ASAP7_75t_R)
     1    0.64   13.10   40.22  669.87 v _1111_/Y (OR5x1_ASAP7_75t_R)
                                         _0450_ (net)
                 13.10    0.06  669.92 v _1112_/B (OA211x2_ASAP7_75t_R)
     2    2.56   14.14   30.27  700.20 v _1112_/Y (OA211x2_ASAP7_75t_R)
                                         _0451_ (net)
                 14.15    0.21  700.40 v _1116_/A1 (OA21x2_ASAP7_75t_R)
     4    3.95   14.72   22.89  723.30 v _1116_/Y (OA21x2_ASAP7_75t_R)
                                         _0454_ (net)
                 14.73    0.21  723.50 v _1122_/A1 (OA21x2_ASAP7_75t_R)
     3    3.13   12.51   21.83  745.34 v _1122_/Y (OA21x2_ASAP7_75t_R)
                                         _0459_ (net)
                 12.52    0.22  745.55 v _1123_/C (OR3x1_ASAP7_75t_R)
     2    1.94   17.98   29.24  774.80 v _1123_/Y (OR3x1_ASAP7_75t_R)
                                         _0460_ (net)
                 17.99    0.18  774.98 v _1124_/A (NAND2x1_ASAP7_75t_R)
     1    2.14   22.57   17.85  792.83 ^ _1124_/Y (NAND2x1_ASAP7_75t_R)
                                         _0710_ (net)
                 22.57    0.16  792.99 ^ _1457_/A (FAx1_ASAP7_75t_R)
     1    1.14   24.35   18.80  811.79 v _1457_/CON (FAx1_ASAP7_75t_R)
                                         _0032_ (net)
                 24.35    0.04  811.83 v _1438_/A (XOR2x2_ASAP7_75t_R)
     1    0.72    8.25   31.18  843.01 ^ _1438_/Y (XOR2x2_ASAP7_75t_R)
                                         _0683_ (net)
                  8.25    0.06  843.07 ^ _1439_/A (AND2x2_ASAP7_75t_R)
     1    0.92    8.00   16.35  859.42 ^ _1439_/Y (AND2x2_ASAP7_75t_R)
                                         _0113_ (net)
                  8.00    0.10  859.52 ^ _1509_/D (DFFHQNx3_ASAP7_75t_R)
                                859.52   data arrival time

                        800.00  800.00   clock clk (rise edge)
                          0.00  800.00   clock source latency
     1    1.86    0.00    0.00  800.00 ^ clk (in)
                                         clk (net)
                  0.58    0.18  800.18 ^ clkbuf_0_clk/A (BUFx4_ASAP7_75t_R)
     4    3.55   10.82   17.08  817.26 ^ clkbuf_0_clk/Y (BUFx4_ASAP7_75t_R)
                                         clknet_0_clk (net)
                 10.84    0.27  817.54 ^ clkbuf_2_2__f_clk/A (BUFx4_ASAP7_75t_R)
    10    6.40   15.39   22.72  840.25 ^ clkbuf_2_2__f_clk/Y (BUFx4_ASAP7_75t_R)
                                         clknet_2_2__leaf_clk (net)
                 15.57    0.90  841.16 ^ _1509_/CLK (DFFHQNx3_ASAP7_75t_R)
                          0.00  841.16   clock reconvergence pessimism
                         -5.19  835.97   library setup time
                                835.97   data required time
-----------------------------------------------------------------------------
                                835.97   data required time
                               -859.52   data arrival time
-----------------------------------------------------------------------------
                                -23.55   slack (VIOLATED)



==========================================================================
global route pre repair design report_check_types -max_slew -max_cap -max_fanout -violators
--------------------------------------------------------------------------

==========================================================================
global route pre repair design max_slew_check_slack
--------------------------------------------------------------------------
212.03350830078125

==========================================================================
global route pre repair design max_slew_check_limit
--------------------------------------------------------------------------
320.0

==========================================================================
global route pre repair design max_slew_check_slack_limit
--------------------------------------------------------------------------
0.6626

==========================================================================
global route pre repair design max_fanout_check_slack
--------------------------------------------------------------------------
1.0000000150474662e+30

==========================================================================
global route pre repair design max_fanout_check_limit
--------------------------------------------------------------------------
1.0000000150474662e+30

==========================================================================
global route pre repair design max_capacitance_check_slack
--------------------------------------------------------------------------
15.601503372192383

==========================================================================
global route pre repair design max_capacitance_check_limit
--------------------------------------------------------------------------
23.040000915527344

==========================================================================
global route pre repair design max_capacitance_check_slack_limit
--------------------------------------------------------------------------
0.6771

==========================================================================
global route pre repair design max_slew_violation_count
--------------------------------------------------------------------------
max slew violation count 0

==========================================================================
global route pre repair design max_fanout_violation_count
--------------------------------------------------------------------------
max fanout violation count 0

==========================================================================
global route pre repair design max_cap_violation_count
--------------------------------------------------------------------------
max cap violation count 0

==========================================================================
global route pre repair design setup_violation_count
--------------------------------------------------------------------------
setup violation count 5

==========================================================================
global route pre repair design hold_violation_count
--------------------------------------------------------------------------
hold violation count 0

==========================================================================
global route pre repair design critical path delay
--------------------------------------------------------------------------
859.5183

==========================================================================
global route pre repair design critical path slack
--------------------------------------------------------------------------
-23.5512

==========================================================================
global route pre repair design slack div critical path delay
--------------------------------------------------------------------------
-2.740046

==========================================================================
global route pre repair design report_power
--------------------------------------------------------------------------
Group                  Internal  Switching    Leakage      Total
                          Power      Power      Power      Power (Watts)
----------------------------------------------------------------
Sequential             8.80e-05   3.40e-06   7.42e-09   9.14e-05  27.4%
Combinational          1.00e-04   1.10e-04   7.10e-08   2.10e-04  62.8%
Clock                  1.50e-05   1.79e-05   3.81e-10   3.29e-05   9.9%
Macro                  0.00e+00   0.00e+00   0.00e+00   0.00e+00   0.0%
Pad                    0.00e+00   0.00e+00   0.00e+00   0.00e+00   0.0%
----------------------------------------------------------------
Total                  2.03e-04   1.31e-04   7.88e-08   3.34e-04 100.0%
                          60.8%      39.2%       0.0%
